{"/home/travis/build/npmtest/node-npmtest-monaco-editor/test.js":{"path":"/home/travis/build/npmtest/node-npmtest-monaco-editor/test.js","s":{"1":2,"2":2,"3":2,"4":2,"5":2,"6":2,"7":2,"8":1,"9":2,"10":2,"11":1,"12":1,"13":1,"14":1,"15":2,"16":2,"17":2,"18":2,"19":1,"20":1,"21":2,"22":2,"23":2,"24":1,"25":1,"26":1,"27":1,"28":1,"29":1,"30":1,"31":1,"32":1,"33":1,"34":1,"35":1,"36":1,"37":1,"38":1,"39":2,"40":2,"41":1,"42":2,"43":2,"44":1,"45":2,"46":2,"47":1,"48":2,"49":2,"50":1,"51":1,"52":1,"53":1,"54":1},"b":{"1":[2,1,1,1],"2":[1,1,1,1],"3":[1,1],"4":[1,1],"5":[1,1],"6":[1,1],"7":[1,1],"8":[1,1],"9":[1,1],"10":[1,1,1],"11":[1,1],"12":[1,1],"13":[1,1],"14":[1,1],"15":[1,1],"16":[1,1],"17":[1,1]},"f":{"1":2,"2":2,"3":2,"4":2,"5":2,"6":1,"7":1,"8":1,"9":2,"10":2,"11":2,"12":2,"13":1},"fnMap":{"1":{"name":"(anonymous_1)","line":12,"loc":{"start":{"line":12,"column":1},"end":{"line":12,"column":13}}},"2":{"name":"(anonymous_2)","line":19,"loc":{"start":{"line":19,"column":5},"end":{"line":19,"column":17}}},"3":{"name":"(anonymous_3)","line":23,"loc":{"start":{"line":23,"column":24},"end":{"line":23,"column":36}}},"4":{"name":"(anonymous_4)","line":61,"loc":{"start":{"line":61,"column":5},"end":{"line":61,"column":17}}},"5":{"name":"(anonymous_5)","line":82,"loc":{"start":{"line":82,"column":5},"end":{"line":82,"column":17}}},"6":{"name":"(anonymous_6)","line":91,"loc":{"start":{"line":91,"column":77},"end":{"line":94,"column":10}}},"7":{"name":"(anonymous_7)","line":112,"loc":{"start":{"line":112,"column":83},"end":{"line":115,"column":10}},"skip":true},"8":{"name":"(anonymous_8)","line":123,"loc":{"start":{"line":123,"column":77},"end":{"line":126,"column":10}},"skip":true},"9":{"name":"(anonymous_9)","line":139,"loc":{"start":{"line":139,"column":12},"end":{"line":139,"column":40}},"skip":true},"10":{"name":"(anonymous_10)","line":147,"loc":{"start":{"line":147,"column":77},"end":{"line":150,"column":10}},"skip":true},"11":{"name":"(anonymous_11)","line":158,"loc":{"start":{"line":158,"column":83},"end":{"line":161,"column":10}},"skip":true},"12":{"name":"(anonymous_12)","line":169,"loc":{"start":{"line":169,"column":79},"end":{"line":172,"column":10}},"skip":true},"13":{"name":"(anonymous_13)","line":180,"loc":{"start":{"line":180,"column":75},"end":{"line":183,"column":10}},"skip":true}},"statementMap":{"1":{"start":{"line":12,"column":0},"end":{"line":195,"column":5}},"2":{"start":{"line":14,"column":4},"end":{"line":14,"column":14}},"3":{"start":{"line":19,"column":4},"end":{"line":56,"column":9}},"4":{"start":{"line":21,"column":8},"end":{"line":21,"column":19}},"5":{"start":{"line":23,"column":8},"end":{"line":35,"column":13}},"6":{"start":{"line":24,"column":12},"end":{"line":34,"column":13}},"7":{"start":{"line":25,"column":16},"end":{"line":28,"column":30}},"8":{"start":{"line":30,"column":16},"end":{"line":33,"column":27}},"9":{"start":{"line":37,"column":8},"end":{"line":39,"column":21}},"10":{"start":{"line":40,"column":8},"end":{"line":53,"column":9}},"11":{"start":{"line":43,"column":12},"end":{"line":46,"column":14}},"12":{"start":{"line":47,"column":12},"end":{"line":47,"column":18}},"13":{"start":{"line":50,"column":12},"end":{"line":51,"column":46}},"14":{"start":{"line":52,"column":12},"end":{"line":52,"column":18}},"15":{"start":{"line":55,"column":8},"end":{"line":55,"column":35}},"16":{"start":{"line":61,"column":4},"end":{"line":63,"column":9}},"17":{"start":{"line":62,"column":8},"end":{"line":62,"column":15}},"18":{"start":{"line":64,"column":4},"end":{"line":77,"column":5}},"19":{"start":{"line":70,"column":8},"end":{"line":70,"column":14}},"20":{"start":{"line":76,"column":8},"end":{"line":76,"column":14}},"21":{"start":{"line":82,"column":4},"end":{"line":84,"column":9}},"22":{"start":{"line":83,"column":8},"end":{"line":83,"column":15}},"23":{"start":{"line":85,"column":4},"end":{"line":194,"column":5}},"24":{"start":{"line":91,"column":8},"end":{"line":99,"column":10}},"25":{"start":{"line":98,"column":12},"end":{"line":98,"column":35}},"26":{"start":{"line":102,"column":8},"end":{"line":104,"column":63}},"27":{"start":{"line":105,"column":8},"end":{"line":105,"column":14}},"28":{"start":{"line":112,"column":8},"end":{"line":121,"column":10},"skip":true},"29":{"start":{"line":119,"column":12},"end":{"line":119,"column":55},"skip":true},"30":{"start":{"line":120,"column":12},"end":{"line":120,"column":48},"skip":true},"31":{"start":{"line":123,"column":8},"end":{"line":136,"column":10},"skip":true},"32":{"start":{"line":130,"column":12},"end":{"line":130,"column":76},"skip":true},"33":{"start":{"line":131,"column":12},"end":{"line":131,"column":73},"skip":true},"34":{"start":{"line":132,"column":12},"end":{"line":132,"column":74},"skip":true},"35":{"start":{"line":133,"column":12},"end":{"line":133,"column":79},"skip":true},"36":{"start":{"line":134,"column":12},"end":{"line":134,"column":25},"skip":true},"37":{"start":{"line":135,"column":12},"end":{"line":135,"column":45},"skip":true},"38":{"start":{"line":138,"column":8},"end":{"line":145,"column":14},"skip":true},"39":{"start":{"line":143,"column":16},"end":{"line":143,"column":29},"skip":true},"40":{"start":{"line":144,"column":16},"end":{"line":144,"column":55},"skip":true},"41":{"start":{"line":147,"column":8},"end":{"line":156,"column":10},"skip":true},"42":{"start":{"line":154,"column":12},"end":{"line":154,"column":25},"skip":true},"43":{"start":{"line":155,"column":12},"end":{"line":155,"column":45},"skip":true},"44":{"start":{"line":158,"column":8},"end":{"line":167,"column":10},"skip":true},"45":{"start":{"line":165,"column":12},"end":{"line":165,"column":25},"skip":true},"46":{"start":{"line":166,"column":12},"end":{"line":166,"column":48},"skip":true},"47":{"start":{"line":169,"column":8},"end":{"line":178,"column":10},"skip":true},"48":{"start":{"line":176,"column":12},"end":{"line":176,"column":25},"skip":true},"49":{"start":{"line":177,"column":12},"end":{"line":177,"column":46},"skip":true},"50":{"start":{"line":180,"column":8},"end":{"line":189,"column":10},"skip":true},"51":{"start":{"line":187,"column":12},"end":{"line":187,"column":94},"skip":true},"52":{"start":{"line":188,"column":12},"end":{"line":188,"column":48},"skip":true},"53":{"start":{"line":192,"column":8},"end":{"line":192,"column":35},"skip":true},"54":{"start":{"line":193,"column":8},"end":{"line":193,"column":14},"skip":true}},"branchMap":{"1":{"line":25,"type":"binary-expr","locations":[{"start":{"line":25,"column":23},"end":{"line":25,"column":62}},{"start":{"line":26,"column":20},"end":{"line":26,"column":70}},{"start":{"line":27,"column":20},"end":{"line":27,"column":71}},{"start":{"line":28,"column":20},"end":{"line":28,"column":29}}]},"2":{"line":30,"type":"binary-expr","locations":[{"start":{"line":30,"column":23},"end":{"line":30,"column":37}},{"start":{"line":31,"column":20},"end":{"line":31,"column":61}},{"start":{"line":32,"column":20},"end":{"line":32,"column":70}},{"start":{"line":33,"column":20},"end":{"line":33,"column":26}}]},"3":{"line":37,"type":"cond-expr","locations":[{"start":{"line":38,"column":14},"end":{"line":38,"column":20}},{"start":{"line":39,"column":14},"end":{"line":39,"column":20}}]},"4":{"line":40,"type":"switch","locations":[{"start":{"line":42,"column":8},"end":{"line":47,"column":18}},{"start":{"line":49,"column":8},"end":{"line":52,"column":18}}]},"5":{"line":44,"type":"binary-expr","locations":[{"start":{"line":44,"column":16},"end":{"line":44,"column":44}},{"start":{"line":44,"column":48},"end":{"line":44,"column":66}}]},"6":{"line":50,"type":"binary-expr","locations":[{"start":{"line":50,"column":21},"end":{"line":50,"column":49}},{"start":{"line":50,"column":53},"end":{"line":50,"column":72}}]},"7":{"line":64,"type":"switch","locations":[{"start":{"line":69,"column":4},"end":{"line":70,"column":14}},{"start":{"line":75,"column":4},"end":{"line":76,"column":14}}]},"8":{"line":85,"type":"switch","locations":[{"start":{"line":90,"column":4},"end":{"line":105,"column":14}},{"start":{"line":111,"column":4},"end":{"line":193,"column":14},"skip":true}]},"9":{"line":91,"type":"binary-expr","locations":[{"start":{"line":91,"column":42},"end":{"line":91,"column":73}},{"start":{"line":91,"column":77},"end":{"line":99,"column":9}}]},"10":{"line":102,"type":"binary-expr","locations":[{"start":{"line":102,"column":18},"end":{"line":102,"column":32}},{"start":{"line":103,"column":12},"end":{"line":103,"column":53}},{"start":{"line":104,"column":12},"end":{"line":104,"column":61}}]},"11":{"line":112,"type":"binary-expr","locations":[{"start":{"line":112,"column":45},"end":{"line":112,"column":79},"skip":true},{"start":{"line":112,"column":83},"end":{"line":121,"column":9},"skip":true}]},"12":{"line":123,"type":"binary-expr","locations":[{"start":{"line":123,"column":42},"end":{"line":123,"column":73},"skip":true},{"start":{"line":123,"column":77},"end":{"line":136,"column":9},"skip":true}]},"13":{"line":138,"type":"binary-expr","locations":[{"start":{"line":138,"column":48},"end":{"line":138,"column":85},"skip":true},{"start":{"line":139,"column":12},"end":{"line":145,"column":13},"skip":true}]},"14":{"line":147,"type":"binary-expr","locations":[{"start":{"line":147,"column":42},"end":{"line":147,"column":73},"skip":true},{"start":{"line":147,"column":77},"end":{"line":156,"column":9},"skip":true}]},"15":{"line":158,"type":"binary-expr","locations":[{"start":{"line":158,"column":45},"end":{"line":158,"column":79},"skip":true},{"start":{"line":158,"column":83},"end":{"line":167,"column":9},"skip":true}]},"16":{"line":169,"type":"binary-expr","locations":[{"start":{"line":169,"column":43},"end":{"line":169,"column":75},"skip":true},{"start":{"line":169,"column":79},"end":{"line":178,"column":9},"skip":true}]},"17":{"line":180,"type":"binary-expr","locations":[{"start":{"line":180,"column":41},"end":{"line":180,"column":71},"skip":true},{"start":{"line":180,"column":75},"end":{"line":189,"column":9},"skip":true}]}},"code":["/* istanbul instrument in package npmtest_monaco_editor */","/*jslint","    bitwise: true,","    browser: true,","    maxerr: 8,","    maxlen: 96,","    node: true,","    nomen: true,","    regexp: true,","    stupid: true","*/","(function () {","    'use strict';","    var local;","","","","    // run shared js-env code - pre-init","    (function () {","        // init local","        local = {};","        // init modeJs","        local.modeJs = (function () {","            try {","                return typeof navigator.userAgent === 'string' &&","                    typeof document.querySelector('body') === 'object' &&","                    typeof XMLHttpRequest.prototype.open === 'function' &&","                    'browser';","            } catch (errorCaughtBrowser) {","                return module.exports &&","                    typeof process.versions.node === 'string' &&","                    typeof require('http').createServer === 'function' &&","                    'node';","            }","        }());","        // init global","        local.global = local.modeJs === 'browser'","            ? window","            : global;","        switch (local.modeJs) {","        // re-init local from window.local","        case 'browser':","            local = local.global.utility2.objectSetDefault(","                local.global.utility2_rollup || local.global.local,","                local.global.utility2","            );","            break;","        // re-init local from example.js","        case 'node':","            local = (local.global.utility2_rollup || require('utility2'))","                .requireExampleJsFromReadme();","            break;","        }","        // export local","        local.global.local = local;","    }());","","","","    // run shared js-env code - function","    (function () {","        return;","    }());","    switch (local.modeJs) {","","","","    // run browser js-env code - function","    case 'browser':","        break;","","","","    // run node js-env code - function","    case 'node':","        break;","    }","","","","    // run shared js-env code - post-init","    (function () {","        return;","    }());","    switch (local.modeJs) {","","","","    // run browser js-env code - post-init","    case 'browser':","        local.testCase_browser_nullCase = local.testCase_browser_nullCase || function (","            options,","            onError","        ) {","        /*","         * this function will test browsers's null-case handling-behavior-behavior","         */","            onError(null, options);","        };","","        // run tests","        local.nop(local.modeTest &&","            document.querySelector('#testRunButton1') &&","            document.querySelector('#testRunButton1').click());","        break;","","","","    // run node js-env code - post-init","    /* istanbul ignore next */","    case 'node':","        local.testCase_buildApidoc_default = local.testCase_buildApidoc_default || function (","            options,","            onError","        ) {","        /*","         * this function will test buildApidoc's default handling-behavior-behavior","         */","            options = { modulePathList: module.paths };","            local.buildApidoc(options, onError);","        };","","        local.testCase_buildApp_default = local.testCase_buildApp_default || function (","            options,","            onError","        ) {","        /*","         * this function will test buildApp's default handling-behavior-behavior","         */","            local.testCase_buildReadme_default(options, local.onErrorThrow);","            local.testCase_buildLib_default(options, local.onErrorThrow);","            local.testCase_buildTest_default(options, local.onErrorThrow);","            local.testCase_buildCustomOrg_default(options, local.onErrorThrow);","            options = [];","            local.buildApp(options, onError);","        };","","        local.testCase_buildCustomOrg_default = local.testCase_buildCustomOrg_default ||","            function (options, onError) {","            /*","             * this function will test buildCustomOrg's default handling-behavior","             */","                options = {};","                local.buildCustomOrg(options, onError);","            };","","        local.testCase_buildLib_default = local.testCase_buildLib_default || function (","            options,","            onError","        ) {","        /*","         * this function will test buildLib's default handling-behavior","         */","            options = {};","            local.buildLib(options, onError);","        };","","        local.testCase_buildReadme_default = local.testCase_buildReadme_default || function (","            options,","            onError","        ) {","        /*","         * this function will test buildReadme's default handling-behavior-behavior","         */","            options = {};","            local.buildReadme(options, onError);","        };","","        local.testCase_buildTest_default = local.testCase_buildTest_default || function (","            options,","            onError","        ) {","        /*","         * this function will test buildTest's default handling-behavior","         */","            options = {};","            local.buildTest(options, onError);","        };","","        local.testCase_webpage_default = local.testCase_webpage_default || function (","            options,","            onError","        ) {","        /*","         * this function will test webpage's default handling-behavior","         */","            options = { modeCoverageMerge: true, url: local.serverLocalHost + '?modeTest=1' };","            local.browserTest(options, onError);","        };","","        // run test-server","        local.testRunServer(local);","        break;","    }","}());",""],"l":{"12":2,"14":2,"19":2,"21":2,"23":2,"24":2,"25":2,"30":1,"37":2,"40":2,"43":1,"47":1,"50":1,"52":1,"55":2,"61":2,"62":2,"64":2,"70":1,"76":1,"82":2,"83":2,"85":2,"91":1,"98":1,"102":1,"105":1,"112":1,"119":1,"120":1,"123":1,"130":1,"131":1,"132":1,"133":1,"134":1,"135":1,"138":1,"143":2,"144":2,"147":1,"154":2,"155":2,"158":1,"165":2,"166":2,"169":1,"176":2,"177":2,"180":1,"187":1,"188":1,"192":1,"193":1}},"/home/travis/build/npmtest/node-npmtest-monaco-editor/lib.npmtest_monaco_editor.js":{"path":"/home/travis/build/npmtest/node-npmtest-monaco-editor/lib.npmtest_monaco_editor.js","s":{"1":2,"2":2,"3":2,"4":2,"5":2,"6":2,"7":2,"8":1,"9":2,"10":2,"11":2,"12":2,"13":1,"14":1,"15":1,"16":1},"b":{"1":[2,1,1,1],"2":[1,1,1,1],"3":[1,1],"4":[2,2],"5":[1,1]},"f":{"1":2,"2":2,"3":2},"fnMap":{"1":{"name":"(anonymous_1)","line":12,"loc":{"start":{"line":12,"column":1},"end":{"line":12,"column":13}}},"2":{"name":"(anonymous_2)","line":19,"loc":{"start":{"line":19,"column":5},"end":{"line":19,"column":17}}},"3":{"name":"(anonymous_3)","line":23,"loc":{"start":{"line":23,"column":24},"end":{"line":23,"column":36}}}},"statementMap":{"1":{"start":{"line":12,"column":0},"end":{"line":53,"column":5}},"2":{"start":{"line":14,"column":4},"end":{"line":14,"column":14}},"3":{"start":{"line":19,"column":4},"end":{"line":52,"column":9}},"4":{"start":{"line":21,"column":8},"end":{"line":21,"column":19}},"5":{"start":{"line":23,"column":8},"end":{"line":35,"column":13}},"6":{"start":{"line":24,"column":12},"end":{"line":34,"column":13}},"7":{"start":{"line":25,"column":16},"end":{"line":28,"column":30}},"8":{"start":{"line":30,"column":16},"end":{"line":33,"column":27}},"9":{"start":{"line":37,"column":8},"end":{"line":39,"column":21}},"10":{"start":{"line":41,"column":8},"end":{"line":41,"column":54}},"11":{"start":{"line":43,"column":8},"end":{"line":43,"column":58}},"12":{"start":{"line":45,"column":8},"end":{"line":51,"column":9}},"13":{"start":{"line":46,"column":12},"end":{"line":46,"column":64}},"14":{"start":{"line":48,"column":12},"end":{"line":48,"column":35}},"15":{"start":{"line":49,"column":12},"end":{"line":49,"column":49}},"16":{"start":{"line":50,"column":12},"end":{"line":50,"column":43}}},"branchMap":{"1":{"line":25,"type":"binary-expr","locations":[{"start":{"line":25,"column":23},"end":{"line":25,"column":62}},{"start":{"line":26,"column":20},"end":{"line":26,"column":70}},{"start":{"line":27,"column":20},"end":{"line":27,"column":71}},{"start":{"line":28,"column":20},"end":{"line":28,"column":29}}]},"2":{"line":30,"type":"binary-expr","locations":[{"start":{"line":30,"column":23},"end":{"line":30,"column":37}},{"start":{"line":31,"column":20},"end":{"line":31,"column":61}},{"start":{"line":32,"column":20},"end":{"line":32,"column":70}},{"start":{"line":33,"column":20},"end":{"line":33,"column":26}}]},"3":{"line":37,"type":"cond-expr","locations":[{"start":{"line":38,"column":14},"end":{"line":38,"column":20}},{"start":{"line":39,"column":14},"end":{"line":39,"column":20}}]},"4":{"line":41,"type":"binary-expr","locations":[{"start":{"line":41,"column":16},"end":{"line":41,"column":44}},{"start":{"line":41,"column":48},"end":{"line":41,"column":53}}]},"5":{"line":45,"type":"if","locations":[{"start":{"line":45,"column":8},"end":{"line":45,"column":8}},{"start":{"line":45,"column":8},"end":{"line":45,"column":8}}]}},"code":["/* istanbul instrument in package npmtest_monaco_editor */","/*jslint","    bitwise: true,","    browser: true,","    maxerr: 8,","    maxlen: 96,","    node: true,","    nomen: true,","    regexp: true,","    stupid: true","*/","(function () {","    'use strict';","    var local;","","","","    // run shared js-env code - pre-init","    (function () {","        // init local","        local = {};","        // init modeJs","        local.modeJs = (function () {","            try {","                return typeof navigator.userAgent === 'string' &&","                    typeof document.querySelector('body') === 'object' &&","                    typeof XMLHttpRequest.prototype.open === 'function' &&","                    'browser';","            } catch (errorCaughtBrowser) {","                return module.exports &&","                    typeof process.versions.node === 'string' &&","                    typeof require('http').createServer === 'function' &&","                    'node';","            }","        }());","        // init global","        local.global = local.modeJs === 'browser'","            ? window","            : global;","        // init utility2_rollup","        local = local.global.utility2_rollup || local;","        // init lib","        local.local = local.npmtest_monaco_editor = local;","        // init exports","        if (local.modeJs === 'browser') {","            local.global.utility2_npmtest_monaco_editor = local;","        } else {","            module.exports = local;","            module.exports.__dirname = __dirname;","            module.exports.module = module;","        }","    }());","}());",""],"l":{"12":2,"14":2,"19":2,"21":2,"23":2,"24":2,"25":2,"30":1,"37":2,"41":2,"43":2,"45":2,"46":1,"48":1,"49":1,"50":1}},"/home/travis/build/npmtest/node-npmtest-monaco-editor/example.js":{"path":"/home/travis/build/npmtest/node-npmtest-monaco-editor/example.js","s":{"1":2,"2":2,"3":2,"4":2,"5":2,"6":2,"7":2,"8":1,"9":2,"10":2,"11":2,"12":2,"13":1,"14":2,"15":2,"16":2,"17":2,"18":2,"19":0,"20":2,"21":1,"22":1,"23":1,"24":1,"25":1,"26":0,"27":0,"28":1,"29":1,"30":2,"31":0,"32":0,"33":0,"34":1,"35":2,"36":2,"37":3,"38":3,"39":3,"40":3,"41":0,"42":3,"43":3,"44":3,"45":1,"46":3,"47":1,"48":1,"49":1,"50":1,"51":1,"52":1,"53":1,"54":1,"55":1,"56":1,"57":0,"58":1,"59":6,"60":6,"61":1,"62":2,"63":0,"64":2,"65":1,"66":1,"67":0,"68":0,"69":0,"70":0,"71":0,"72":0,"73":0,"74":0,"75":0,"76":0,"77":0,"78":0,"79":0,"80":0,"81":0,"82":0,"83":0},"b":{"1":[2,1,1,1],"2":[1,1,1,1],"3":[1,1],"4":[2,2],"5":[1,1],"6":[1,1],"7":[2,0],"8":[2,1,1,1,1,1],"9":[0,2,0],"10":[1,1],"11":[2,1,1],"12":[1,0],"13":[0,2],"14":[2,0,0,0,0,0,0],"15":[0,3],"16":[3,0],"17":[1,1],"18":[0,1],"19":[1,2,0,2],"20":[1,0],"21":[1,1],"22":[0,0],"23":[0,0],"24":[0,0],"25":[0,0],"26":[0,0],"27":[0,0],"28":[0,0]},"f":{"1":2,"2":2,"3":2,"4":2,"5":2,"6":2,"7":3,"8":3,"9":3,"10":1,"11":6,"12":0},"fnMap":{"1":{"name":"(anonymous_1)","line":26,"loc":{"start":{"line":26,"column":1},"end":{"line":26,"column":13}}},"2":{"name":"(anonymous_2)","line":33,"loc":{"start":{"line":33,"column":5},"end":{"line":33,"column":17}}},"3":{"name":"(anonymous_3)","line":37,"loc":{"start":{"line":37,"column":24},"end":{"line":37,"column":36}}},"4":{"name":"(anonymous_4)","line":69,"loc":{"start":{"line":69,"column":31},"end":{"line":69,"column":48}},"skip":true},"5":{"name":"(anonymous_5)","line":78,"loc":{"start":{"line":78,"column":26},"end":{"line":78,"column":45}},"skip":true},"6":{"name":"(anonymous_6)","line":123,"loc":{"start":{"line":123,"column":33},"end":{"line":123,"column":48}},"skip":true},"7":{"name":"(anonymous_7)","line":125,"loc":{"start":{"line":125,"column":27},"end":{"line":125,"column":39}},"skip":true},"8":{"name":"(anonymous_8)","line":133,"loc":{"start":{"line":133,"column":59},"end":{"line":133,"column":74}},"skip":true},"9":{"name":"(anonymous_9)","line":143,"loc":{"start":{"line":143,"column":45},"end":{"line":143,"column":62}},"skip":true},"10":{"name":"(anonymous_10)","line":144,"loc":{"start":{"line":144,"column":73},"end":{"line":144,"column":92}},"skip":true},"11":{"name":"(anonymous_11)","line":272,"loc":{"start":{"line":272,"column":51},"end":{"line":272,"column":77}},"skip":true},"12":{"name":"(anonymous_12)","line":315,"loc":{"start":{"line":315,"column":32},"end":{"line":315,"column":61}},"skip":true}},"statementMap":{"1":{"start":{"line":26,"column":0},"end":{"line":326,"column":5}},"2":{"start":{"line":28,"column":4},"end":{"line":28,"column":14}},"3":{"start":{"line":33,"column":4},"end":{"line":60,"column":9}},"4":{"start":{"line":35,"column":8},"end":{"line":35,"column":19}},"5":{"start":{"line":37,"column":8},"end":{"line":49,"column":13}},"6":{"start":{"line":38,"column":12},"end":{"line":48,"column":13}},"7":{"start":{"line":39,"column":16},"end":{"line":42,"column":30}},"8":{"start":{"line":44,"column":16},"end":{"line":47,"column":27}},"9":{"start":{"line":51,"column":8},"end":{"line":53,"column":21}},"10":{"start":{"line":55,"column":8},"end":{"line":57,"column":45}},"11":{"start":{"line":59,"column":8},"end":{"line":59,"column":35}},"12":{"start":{"line":61,"column":4},"end":{"line":325,"column":5}},"13":{"start":{"line":69,"column":8},"end":{"line":121,"column":10},"skip":true},"14":{"start":{"line":70,"column":12},"end":{"line":88,"column":13},"skip":true},"15":{"start":{"line":76,"column":16},"end":{"line":87,"column":19},"skip":true},"16":{"start":{"line":79,"column":20},"end":{"line":86,"column":21},"skip":true},"17":{"start":{"line":82,"column":24},"end":{"line":82,"column":43},"skip":true},"18":{"start":{"line":83,"column":24},"end":{"line":83,"column":30},"skip":true},"19":{"start":{"line":85,"column":24},"end":{"line":85,"column":49},"skip":true},"20":{"start":{"line":89,"column":12},"end":{"line":107,"column":13},"skip":true},"21":{"start":{"line":92,"column":16},"end":{"line":102,"column":17},"skip":true},"22":{"start":{"line":93,"column":20},"end":{"line":93,"column":86},"skip":true},"23":{"start":{"line":94,"column":20},"end":{"line":95,"column":45},"skip":true},"24":{"start":{"line":96,"column":20},"end":{"line":96,"column":42},"skip":true},"25":{"start":{"line":97,"column":20},"end":{"line":97,"column":48},"skip":true},"26":{"start":{"line":100,"column":20},"end":{"line":100,"column":85},"skip":true},"27":{"start":{"line":101,"column":20},"end":{"line":101,"column":96},"skip":true},"28":{"start":{"line":103,"column":16},"end":{"line":103,"column":22},"skip":true},"29":{"start":{"line":106,"column":16},"end":{"line":106,"column":22},"skip":true},"30":{"start":{"line":108,"column":12},"end":{"line":120,"column":13},"skip":true},"31":{"start":{"line":114,"column":16},"end":{"line":119,"column":17},"skip":true},"32":{"start":{"line":116,"column":20},"end":{"line":116,"column":78},"skip":true},"33":{"start":{"line":118,"column":20},"end":{"line":118,"column":47},"skip":true},"34":{"start":{"line":123,"column":8},"end":{"line":141,"column":11},"skip":true},"35":{"start":{"line":124,"column":12},"end":{"line":124,"column":54},"skip":true},"36":{"start":{"line":125,"column":12},"end":{"line":140,"column":14},"skip":true},"37":{"start":{"line":126,"column":16},"end":{"line":126,"column":28},"skip":true},"38":{"start":{"line":127,"column":16},"end":{"line":127,"column":69},"skip":true},"39":{"start":{"line":128,"column":16},"end":{"line":128,"column":75},"skip":true},"40":{"start":{"line":129,"column":16},"end":{"line":131,"column":17},"skip":true},"41":{"start":{"line":130,"column":20},"end":{"line":130,"column":27},"skip":true},"42":{"start":{"line":133,"column":16},"end":{"line":137,"column":36},"skip":true},"43":{"start":{"line":134,"column":20},"end":{"line":136,"column":55},"skip":true},"44":{"start":{"line":139,"column":16},"end":{"line":139,"column":57},"skip":true},"45":{"start":{"line":143,"column":8},"end":{"line":147,"column":11},"skip":true},"46":{"start":{"line":144,"column":12},"end":{"line":146,"column":15},"skip":true},"47":{"start":{"line":145,"column":16},"end":{"line":145,"column":70},"skip":true},"48":{"start":{"line":149,"column":8},"end":{"line":149,"column":31},"skip":true},"49":{"start":{"line":150,"column":8},"end":{"line":150,"column":14},"skip":true},"50":{"start":{"line":158,"column":8},"end":{"line":158,"column":31},"skip":true},"51":{"start":{"line":160,"column":8},"end":{"line":160,"column":33},"skip":true},"52":{"start":{"line":161,"column":8},"end":{"line":161,"column":37},"skip":true},"53":{"start":{"line":162,"column":8},"end":{"line":162,"column":35},"skip":true},"54":{"start":{"line":164,"column":8},"end":{"line":164,"column":50},"skip":true},"55":{"start":{"line":166,"column":8},"end":{"line":256,"column":2},"skip":true},"56":{"start":{"line":258,"column":8},"end":{"line":286,"column":9},"skip":true},"57":{"start":{"line":259,"column":12},"end":{"line":269,"column":14},"skip":true},"58":{"start":{"line":271,"column":12},"end":{"line":285,"column":19},"skip":true},"59":{"start":{"line":274,"column":20},"end":{"line":274,"column":35},"skip":true},"60":{"start":{"line":275,"column":20},"end":{"line":284,"column":21},"skip":true},"61":{"start":{"line":277,"column":24},"end":{"line":277,"column":64},"skip":true},"62":{"start":{"line":279,"column":24},"end":{"line":279,"column":40},"skip":true},"63":{"start":{"line":281,"column":24},"end":{"line":281,"column":40},"skip":true},"64":{"start":{"line":283,"column":24},"end":{"line":283,"column":39},"skip":true},"65":{"start":{"line":288,"column":8},"end":{"line":290,"column":9},"skip":true},"66":{"start":{"line":289,"column":12},"end":{"line":289,"column":18},"skip":true},"67":{"start":{"line":291,"column":8},"end":{"line":293,"column":54},"skip":true},"68":{"start":{"line":296,"column":8},"end":{"line":301,"column":37},"skip":true},"69":{"start":{"line":303,"column":8},"end":{"line":303,"column":82},"skip":true},"70":{"start":{"line":306,"column":8},"end":{"line":308,"column":9},"skip":true},"71":{"start":{"line":307,"column":12},"end":{"line":307,"column":82},"skip":true},"72":{"start":{"line":310,"column":8},"end":{"line":312,"column":9},"skip":true},"73":{"start":{"line":311,"column":12},"end":{"line":311,"column":18},"skip":true},"74":{"start":{"line":313,"column":8},"end":{"line":313,"column":54},"skip":true},"75":{"start":{"line":314,"column":8},"end":{"line":314,"column":69},"skip":true},"76":{"start":{"line":315,"column":8},"end":{"line":323,"column":36},"skip":true},"77":{"start":{"line":316,"column":12},"end":{"line":316,"column":61},"skip":true},"78":{"start":{"line":317,"column":12},"end":{"line":320,"column":13},"skip":true},"79":{"start":{"line":318,"column":16},"end":{"line":318,"column":75},"skip":true},"80":{"start":{"line":319,"column":16},"end":{"line":319,"column":23},"skip":true},"81":{"start":{"line":321,"column":12},"end":{"line":321,"column":38},"skip":true},"82":{"start":{"line":322,"column":12},"end":{"line":322,"column":27},"skip":true},"83":{"start":{"line":324,"column":8},"end":{"line":324,"column":14},"skip":true}},"branchMap":{"1":{"line":39,"type":"binary-expr","locations":[{"start":{"line":39,"column":23},"end":{"line":39,"column":62}},{"start":{"line":40,"column":20},"end":{"line":40,"column":70}},{"start":{"line":41,"column":20},"end":{"line":41,"column":71}},{"start":{"line":42,"column":20},"end":{"line":42,"column":29}}]},"2":{"line":44,"type":"binary-expr","locations":[{"start":{"line":44,"column":23},"end":{"line":44,"column":37}},{"start":{"line":45,"column":20},"end":{"line":45,"column":61}},{"start":{"line":46,"column":20},"end":{"line":46,"column":70}},{"start":{"line":47,"column":20},"end":{"line":47,"column":26}}]},"3":{"line":51,"type":"cond-expr","locations":[{"start":{"line":52,"column":14},"end":{"line":52,"column":20}},{"start":{"line":53,"column":14},"end":{"line":53,"column":20}}]},"4":{"line":55,"type":"binary-expr","locations":[{"start":{"line":55,"column":16},"end":{"line":55,"column":44}},{"start":{"line":55,"column":49},"end":{"line":57,"column":43}}]},"5":{"line":55,"type":"cond-expr","locations":[{"start":{"line":56,"column":14},"end":{"line":56,"column":57}},{"start":{"line":57,"column":14},"end":{"line":57,"column":43}}]},"6":{"line":61,"type":"switch","locations":[{"start":{"line":68,"column":4},"end":{"line":150,"column":14},"skip":true},{"start":{"line":156,"column":4},"end":{"line":324,"column":14},"skip":true}]},"7":{"line":70,"type":"if","locations":[{"start":{"line":70,"column":12},"end":{"line":70,"column":12},"skip":true},{"start":{"line":70,"column":12},"end":{"line":70,"column":12},"skip":true}]},"8":{"line":70,"type":"binary-expr","locations":[{"start":{"line":70,"column":16},"end":{"line":70,"column":22},"skip":true},{"start":{"line":70,"column":27},"end":{"line":70,"column":32},"skip":true},{"start":{"line":71,"column":20},"end":{"line":71,"column":39},"skip":true},{"start":{"line":72,"column":20},"end":{"line":72,"column":49},"skip":true},{"start":{"line":73,"column":20},"end":{"line":73,"column":58},"skip":true},{"start":{"line":74,"column":20},"end":{"line":74,"column":69},"skip":true}]},"9":{"line":79,"type":"switch","locations":[{"start":{"line":80,"column":20},"end":{"line":80,"column":33},"skip":true},{"start":{"line":81,"column":20},"end":{"line":83,"column":30},"skip":true},{"start":{"line":84,"column":20},"end":{"line":85,"column":49},"skip":true}]},"10":{"line":89,"type":"switch","locations":[{"start":{"line":90,"column":12},"end":{"line":103,"column":22},"skip":true},{"start":{"line":105,"column":12},"end":{"line":106,"column":22},"skip":true}]},"11":{"line":89,"type":"binary-expr","locations":[{"start":{"line":89,"column":20},"end":{"line":89,"column":25},"skip":true},{"start":{"line":89,"column":29},"end":{"line":89,"column":48},"skip":true},{"start":{"line":89,"column":52},"end":{"line":89,"column":74},"skip":true}]},"12":{"line":92,"type":"if","locations":[{"start":{"line":92,"column":16},"end":{"line":92,"column":16},"skip":true},{"start":{"line":92,"column":16},"end":{"line":92,"column":16},"skip":true}]},"13":{"line":108,"type":"if","locations":[{"start":{"line":108,"column":12},"end":{"line":108,"column":12},"skip":true},{"start":{"line":108,"column":12},"end":{"line":108,"column":12},"skip":true}]},"14":{"line":108,"type":"binary-expr","locations":[{"start":{"line":108,"column":16},"end":{"line":108,"column":61},"skip":true},{"start":{"line":108,"column":66},"end":{"line":108,"column":72},"skip":true},{"start":{"line":108,"column":77},"end":{"line":108,"column":82},"skip":true},{"start":{"line":109,"column":20},"end":{"line":109,"column":39},"skip":true},{"start":{"line":110,"column":20},"end":{"line":110,"column":49},"skip":true},{"start":{"line":111,"column":20},"end":{"line":111,"column":58},"skip":true},{"start":{"line":112,"column":20},"end":{"line":112,"column":68},"skip":true}]},"15":{"line":129,"type":"if","locations":[{"start":{"line":129,"column":16},"end":{"line":129,"column":16},"skip":true},{"start":{"line":129,"column":16},"end":{"line":129,"column":16},"skip":true}]},"16":{"line":134,"type":"cond-expr","locations":[{"start":{"line":135,"column":26},"end":{"line":135,"column":29},"skip":true},{"start":{"line":136,"column":26},"end":{"line":136,"column":54},"skip":true}]},"17":{"line":164,"type":"binary-expr","locations":[{"start":{"line":164,"column":27},"end":{"line":164,"column":43},"skip":true},{"start":{"line":164,"column":47},"end":{"line":164,"column":49},"skip":true}]},"18":{"line":258,"type":"if","locations":[{"start":{"line":258,"column":8},"end":{"line":258,"column":8},"skip":true},{"start":{"line":258,"column":8},"end":{"line":258,"column":8},"skip":true}]},"19":{"line":275,"type":"switch","locations":[{"start":{"line":276,"column":20},"end":{"line":277,"column":64},"skip":true},{"start":{"line":278,"column":20},"end":{"line":279,"column":40},"skip":true},{"start":{"line":280,"column":20},"end":{"line":281,"column":40},"skip":true},{"start":{"line":282,"column":20},"end":{"line":283,"column":39},"skip":true}]},"20":{"line":288,"type":"if","locations":[{"start":{"line":288,"column":8},"end":{"line":288,"column":8},"skip":true},{"start":{"line":288,"column":8},"end":{"line":288,"column":8},"skip":true}]},"21":{"line":288,"type":"binary-expr","locations":[{"start":{"line":288,"column":12},"end":{"line":288,"column":40},"skip":true},{"start":{"line":288,"column":44},"end":{"line":288,"column":67},"skip":true}]},"22":{"line":292,"type":"binary-expr","locations":[{"start":{"line":292,"column":12},"end":{"line":292,"column":50},"skip":true},{"start":{"line":293,"column":12},"end":{"line":293,"column":53},"skip":true}]},"23":{"line":297,"type":"binary-expr","locations":[{"start":{"line":297,"column":12},"end":{"line":297,"column":71},"skip":true},{"start":{"line":298,"column":12},"end":{"line":301,"column":36},"skip":true}]},"24":{"line":303,"type":"binary-expr","locations":[{"start":{"line":303,"column":43},"end":{"line":303,"column":75},"skip":true},{"start":{"line":303,"column":79},"end":{"line":303,"column":81},"skip":true}]},"25":{"line":306,"type":"if","locations":[{"start":{"line":306,"column":8},"end":{"line":306,"column":8},"skip":true},{"start":{"line":306,"column":8},"end":{"line":306,"column":8},"skip":true}]},"26":{"line":310,"type":"if","locations":[{"start":{"line":310,"column":8},"end":{"line":310,"column":8},"skip":true},{"start":{"line":310,"column":8},"end":{"line":310,"column":8},"skip":true}]},"27":{"line":313,"type":"binary-expr","locations":[{"start":{"line":313,"column":27},"end":{"line":313,"column":43},"skip":true},{"start":{"line":313,"column":47},"end":{"line":313,"column":53},"skip":true}]},"28":{"line":317,"type":"if","locations":[{"start":{"line":317,"column":12},"end":{"line":317,"column":12},"skip":true},{"start":{"line":317,"column":12},"end":{"line":317,"column":12},"skip":true}]}},"code":["/*","example.js","","quickstart example","","instruction","    1. save this script as example.js","    2. run the shell command:","        $ npm install npmtest-monaco-editor && PORT=8081 node example.js","    3. play with the browser-demo on http://127.0.0.1:8081","*/","","","","/* istanbul instrument in package npmtest_monaco_editor */","/*jslint","    bitwise: true,","    browser: true,","    maxerr: 8,","    maxlen: 96,","    node: true,","    nomen: true,","    regexp: true,","    stupid: true","*/","(function () {","    'use strict';","    var local;","","","","    // run shared js-env code - pre-init","    (function () {","        // init local","        local = {};","        // init modeJs","        local.modeJs = (function () {","            try {","                return typeof navigator.userAgent === 'string' &&","                    typeof document.querySelector('body') === 'object' &&","                    typeof XMLHttpRequest.prototype.open === 'function' &&","                    'browser';","            } catch (errorCaughtBrowser) {","                return module.exports &&","                    typeof process.versions.node === 'string' &&","                    typeof require('http').createServer === 'function' &&","                    'node';","            }","        }());","        // init global","        local.global = local.modeJs === 'browser'","            ? window","            : global;","        // init utility2_rollup","        local = local.global.utility2_rollup || (local.modeJs === 'browser'","            ? local.global.utility2_npmtest_monaco_editor","            : global.utility2_moduleExports);","        // export local","        local.global.local = local;","    }());","    switch (local.modeJs) {","","","","    // post-init","    // run browser js-env code - post-init","    /* istanbul ignore next */","    case 'browser':","        local.testRunBrowser = function (event) {","            if (!event || (event &&","                    event.currentTarget &&","                    event.currentTarget.className &&","                    event.currentTarget.className.includes &&","                    event.currentTarget.className.includes('onreset'))) {","                // reset output","                Array.from(","                    document.querySelectorAll('body > .resettable')","                ).forEach(function (element) {","                    switch (element.tagName) {","                    case 'INPUT':","                    case 'TEXTAREA':","                        element.value = '';","                        break;","                    default:","                        element.textContent = '';","                    }","                });","            }","            switch (event && event.currentTarget && event.currentTarget.id) {","            case 'testRunButton1':","                // show tests","                if (document.querySelector('#testReportDiv1').style.display === 'none') {","                    document.querySelector('#testReportDiv1').style.display = 'block';","                    document.querySelector('#testRunButton1').textContent =","                        'hide internal test';","                    local.modeTest = true;","                    local.testRunDefault(local);","                // hide tests","                } else {","                    document.querySelector('#testReportDiv1').style.display = 'none';","                    document.querySelector('#testRunButton1').textContent = 'run internal test';","                }","                break;","            // custom-case","            default:","                break;","            }","            if (document.querySelector('#inputTextareaEval1') && (!event || (event &&","                    event.currentTarget &&","                    event.currentTarget.className &&","                    event.currentTarget.className.includes &&","                    event.currentTarget.className.includes('oneval')))) {","                // try to eval input-code","                try {","                    /*jslint evil: true*/","                    eval(document.querySelector('#inputTextareaEval1').value);","                } catch (errorCaught) {","                    console.error(errorCaught);","                }","            }","        };","        // log stderr and stdout to #outputTextareaStdout1","        ['error', 'log'].forEach(function (key) {","            console[key + '_original'] = console[key];","            console[key] = function () {","                var element;","                console[key + '_original'].apply(console, arguments);","                element = document.querySelector('#outputTextareaStdout1');","                if (!element) {","                    return;","                }","                // append text to #outputTextareaStdout1","                element.value += Array.from(arguments).map(function (arg) {","                    return typeof arg === 'string'","                        ? arg","                        : JSON.stringify(arg, null, 4);","                }).join(' ') + '\\n';","                // scroll textarea to bottom","                element.scrollTop = element.scrollHeight;","            };","        });","        // init event-handling","        ['change', 'click', 'keyup'].forEach(function (event) {","            Array.from(document.querySelectorAll('.on' + event)).forEach(function (element) {","                element.addEventListener(event, local.testRunBrowser);","            });","        });","        // run tests","        local.testRunBrowser();","        break;","","","","    // run node js-env code - post-init","    /* istanbul ignore next */","    case 'node':","        // export local","        module.exports = local;","        // require modules","        local.fs = require('fs');","        local.http = require('http');","        local.url = require('url');","        // init assets","        local.assetsDict = local.assetsDict || {};","        /* jslint-ignore-begin */","        local.assetsDict['/assets.index.template.html'] = '\\","<!doctype html>\\n\\","<html lang=\"en\">\\n\\","<head>\\n\\","<meta charset=\"UTF-8\">\\n\\","<meta name=\"viewport\" content=\"width=device-width, initial-scale=1\">\\n\\","<title>{{env.npm_package_name}} (v{{env.npm_package_version}})</title>\\n\\","<style>\\n\\","/*csslint\\n\\","    box-sizing: false,\\n\\","    universal-selector: false\\n\\","*/\\n\\","* {\\n\\","    box-sizing: border-box;\\n\\","}\\n\\","body {\\n\\","    background: #dde;\\n\\","    font-family: Arial, Helvetica, sans-serif;\\n\\","    margin: 2rem;\\n\\","}\\n\\","body > * {\\n\\","    margin-bottom: 1rem;\\n\\","}\\n\\",".utility2FooterDiv {\\n\\","    margin-top: 20px;\\n\\","    text-align: center;\\n\\","}\\n\\","</style>\\n\\","<style>\\n\\","/*csslint\\n\\","*/\\n\\","textarea {\\n\\","    font-family: monospace;\\n\\","    height: 10rem;\\n\\","    width: 100%;\\n\\","}\\n\\","textarea[readonly] {\\n\\","    background: #ddd;\\n\\","}\\n\\","</style>\\n\\","</head>\\n\\","<body>\\n\\","<!-- utility2-comment\\n\\","<div id=\"ajaxProgressDiv1\" style=\"background: #d00; height: 2px; left: 0; margin: 0; padding: 0; position: fixed; top: 0; transition: background 0.5s, width 1.5s; width: 25%;\"></div>\\n\\","utility2-comment -->\\n\\","<h1>\\n\\","<!-- utility2-comment\\n\\","    <a\\n\\","        {{#if env.npm_package_homepage}}\\n\\","        href=\"{{env.npm_package_homepage}}\"\\n\\","        {{/if env.npm_package_homepage}}\\n\\","        target=\"_blank\"\\n\\","    >\\n\\","utility2-comment -->\\n\\","        {{env.npm_package_name}} (v{{env.npm_package_version}})\\n\\","<!-- utility2-comment\\n\\","    </a>\\n\\","utility2-comment -->\\n\\","</h1>\\n\\","<h3>{{env.npm_package_description}}</h3>\\n\\","<!-- utility2-comment\\n\\","<h4><a download href=\"assets.app.js\">download standalone app</a></h4>\\n\\","<button class=\"onclick onreset\" id=\"testRunButton1\">run internal test</button><br>\\n\\","<div id=\"testReportDiv1\" style=\"display: none;\"></div>\\n\\","utility2-comment -->\\n\\","\\n\\","\\n\\","\\n\\","<label>stderr and stdout</label>\\n\\","<textarea class=\"resettable\" id=\"outputTextareaStdout1\" readonly></textarea>\\n\\","<!-- utility2-comment\\n\\","{{#if isRollup}}\\n\\","<script src=\"assets.app.js\"></script>\\n\\","{{#unless isRollup}}\\n\\","utility2-comment -->\\n\\","<script src=\"assets.utility2.rollup.js\"></script>\\n\\","<script src=\"jsonp.utility2._stateInit?callback=window.utility2._stateInit\"></script>\\n\\","<script src=\"assets.npmtest_monaco_editor.rollup.js\"></script>\\n\\","<script src=\"assets.example.js\"></script>\\n\\","<script src=\"assets.test.js\"></script>\\n\\","<!-- utility2-comment\\n\\","{{/if isRollup}}\\n\\","utility2-comment -->\\n\\","<div class=\"utility2FooterDiv\">\\n\\","    [ this app was created with\\n\\","    <a href=\"https://github.com/kaizhu256/node-utility2\" target=\"_blank\">utility2</a>\\n\\","    ]\\n\\","</div>\\n\\","</body>\\n\\","</html>\\n\\","';","        /* jslint-ignore-end */","        if (local.templateRender) {","            local.assetsDict['/'] = local.templateRender(","                local.assetsDict['/assets.index.template.html'],","                {","                    env: local.objectSetDefault(local.env, {","                        npm_package_description: 'the greatest app in the world!',","                        npm_package_name: 'my-app',","                        npm_package_nameAlias: 'my_app',","                        npm_package_version: '0.0.1'","                    })","                }","            );","        } else {","            local.assetsDict['/'] = local.assetsDict['/assets.index.template.html']","                .replace((/\\{\\{env\\.(\\w+?)\\}\\}/g), function (match0, match1) {","                    // jslint-hack","                    String(match0);","                    switch (match1) {","                    case 'npm_package_description':","                        return 'the greatest app in the world!';","                    case 'npm_package_name':","                        return 'my-app';","                    case 'npm_package_nameAlias':","                        return 'my_app';","                    case 'npm_package_version':","                        return '0.0.1';","                    }","                });","        }","        // run the cli","        if (local.global.utility2_rollup || module !== require.main) {","            break;","        }","        local.assetsDict['/assets.example.js'] =","            local.assetsDict['/assets.example.js'] ||","            local.fs.readFileSync(__filename, 'utf8');","        // bug-workaround - long $npm_package_buildCustomOrg","        /* jslint-ignore-begin */","        local.assetsDict['/assets.npmtest_monaco_editor.rollup.js'] =","            local.assetsDict['/assets.npmtest_monaco_editor.rollup.js'] ||","            local.fs.readFileSync(","                local.npmtest_monaco_editor.__dirname + '/lib.npmtest_monaco_editor.js',","                'utf8'","            ).replace((/^#!/), '//');","        /* jslint-ignore-end */","        local.assetsDict['/favicon.ico'] = local.assetsDict['/favicon.ico'] || '';","        // if $npm_config_timeout_exit exists,","        // then exit this process after $npm_config_timeout_exit ms","        if (Number(process.env.npm_config_timeout_exit)) {","            setTimeout(process.exit, Number(process.env.npm_config_timeout_exit));","        }","        // start server","        if (local.global.utility2_serverHttp1) {","            break;","        }","        process.env.PORT = process.env.PORT || '8081';","        console.error('server starting on port ' + process.env.PORT);","        local.http.createServer(function (request, response) {","            request.urlParsed = local.url.parse(request.url);","            if (local.assetsDict[request.urlParsed.pathname] !== undefined) {","                response.end(local.assetsDict[request.urlParsed.pathname]);","                return;","            }","            response.statusCode = 404;","            response.end();","        }).listen(process.env.PORT);","        break;","    }","}());",""],"l":{"26":2,"28":2,"33":2,"35":2,"37":2,"38":2,"39":2,"44":1,"51":2,"55":2,"59":2,"61":2,"69":1,"70":2,"76":2,"79":2,"82":2,"83":2,"85":1,"89":2,"92":1,"93":1,"94":1,"96":1,"97":1,"100":1,"101":1,"103":1,"106":1,"108":2,"114":1,"116":1,"118":1,"123":1,"124":2,"125":2,"126":3,"127":3,"128":3,"129":3,"130":1,"133":3,"134":3,"139":3,"143":1,"144":3,"145":1,"149":1,"150":1,"158":1,"160":1,"161":1,"162":1,"164":1,"166":1,"258":1,"259":1,"271":1,"274":6,"275":6,"277":1,"279":2,"281":1,"283":2,"288":1,"289":1,"291":1,"296":1,"303":1,"306":1,"307":1,"310":1,"311":1,"313":1,"314":1,"315":1,"316":1,"317":1,"318":1,"319":1,"321":1,"322":1,"324":1}},"/home/travis/build/npmtest/node-npmtest-monaco-editor/node_modules/monaco-editor/dev/vs/loader.js":{"path":"/home/travis/build/npmtest/node-npmtest-monaco-editor/node_modules/monaco-editor/dev/vs/loader.js","s":{"1":1,"2":1,"3":1,"4":1,"5":1,"6":1,"7":1,"8":0,"9":0,"10":1,"11":1,"12":0,"13":1,"14":1,"15":1,"16":1,"17":1,"18":1,"19":1,"20":1,"21":1,"22":1,"23":1,"24":1,"25":1,"26":1,"27":1,"28":1,"29":1,"30":1,"31":1,"32":1,"33":1,"34":1,"35":1,"36":0,"37":0,"38":0,"39":1,"40":1,"41":1,"42":1,"43":0,"44":1,"45":0,"46":1,"47":0,"48":1,"49":1,"50":1,"51":1,"52":1,"53":1,"54":0,"55":1,"56":1,"57":1,"58":1,"59":1,"60":1,"61":1,"62":1,"63":0,"64":0,"65":0,"66":0,"67":0,"68":0,"69":0,"70":0,"71":0,"72":1,"73":0,"74":1,"75":0,"76":1,"77":0,"78":1,"79":0,"80":1,"81":3,"82":2,"83":2,"84":0,"85":0,"86":1,"87":0,"88":0,"89":0,"90":0,"91":1,"92":1,"93":0,"94":1,"95":1,"96":0,"97":0,"98":0,"99":1,"100":1,"101":0,"102":1,"103":0,"104":1,"105":1,"106":1,"107":1,"108":1,"109":1,"110":1,"111":1,"112":1,"113":0,"114":0,"115":0,"116":0,"117":0,"118":0,"119":0,"120":0,"121":0,"122":0,"123":0,"124":0,"125":0,"126":0,"127":1,"128":1,"129":1,"130":1,"131":1,"132":1,"133":1,"134":1,"135":1,"136":1,"137":1,"138":1,"139":1,"140":1,"141":1,"142":1,"143":1,"144":1,"145":0,"146":0,"147":1,"148":1,"149":1,"150":1,"151":1,"152":1,"153":0,"154":0,"155":0,"156":0,"157":0,"158":1,"159":1,"160":1,"161":1,"162":1,"163":1,"164":1,"165":1,"166":0,"167":0,"168":0,"169":0,"170":0,"171":0,"172":0,"173":0,"174":0,"175":1,"176":1,"177":1,"178":1,"179":1,"180":1,"181":1,"182":1,"183":1,"184":1,"185":1,"186":0,"187":0,"188":0,"189":1,"190":0,"191":0,"192":0,"193":1,"194":1,"195":1,"196":0,"197":1,"198":1,"199":1,"200":0,"201":0,"202":1,"203":1,"204":1,"205":1,"206":0,"207":0,"208":0,"209":1,"210":0,"211":1,"212":0,"213":1,"214":0,"215":1,"216":0,"217":0,"218":0,"219":0,"220":0,"221":0,"222":0,"223":0,"224":0,"225":1,"226":0,"227":0,"228":0,"229":1,"230":0,"231":0,"232":0,"233":1,"234":0,"235":0,"236":0,"237":0,"238":1,"239":0,"240":0,"241":0,"242":0,"243":0,"244":0,"245":0,"246":0,"247":0,"248":0,"249":0,"250":0,"251":0,"252":0,"253":0,"254":0,"255":0,"256":0,"257":0,"258":1,"259":0,"260":0,"261":0,"262":0,"263":0,"264":0,"265":1,"266":0,"267":1,"268":0,"269":1,"270":0,"271":0,"272":1,"273":0,"274":1,"275":0,"276":1,"277":0,"278":1,"279":1,"280":1,"281":1,"282":1,"283":1,"284":1,"285":1,"286":1,"287":0,"288":0,"289":0,"290":0,"291":0,"292":0,"293":0,"294":0,"295":0,"296":1,"297":0,"298":0,"299":0,"300":0,"301":1,"302":0,"303":0,"304":0,"305":0,"306":1,"307":1,"308":1,"309":1,"310":0,"311":0,"312":0,"313":0,"314":0,"315":0,"316":0,"317":0,"318":0,"319":0,"320":0,"321":1,"322":0,"323":0,"324":0,"325":0,"326":0,"327":0,"328":1,"329":1,"330":1,"331":1,"332":0,"333":0,"334":0,"335":0,"336":1,"337":1,"338":1,"339":1,"340":1,"341":0,"342":0,"343":0,"344":0,"345":0,"346":0,"347":0,"348":1,"349":0,"350":0,"351":0,"352":0,"353":0,"354":0,"355":0,"356":0,"357":0,"358":0,"359":0,"360":0,"361":0,"362":0,"363":0,"364":0,"365":0,"366":0,"367":0,"368":0,"369":0,"370":0,"371":0,"372":0,"373":0,"374":0,"375":0,"376":0,"377":0,"378":0,"379":0,"380":0,"381":0,"382":0,"383":0,"384":0,"385":0,"386":0,"387":0,"388":0,"389":0,"390":0,"391":0,"392":0,"393":0,"394":0,"395":0,"396":0,"397":0,"398":0,"399":0,"400":0,"401":1,"402":0,"403":0,"404":0,"405":0,"406":0,"407":0,"408":1,"409":0,"410":0,"411":0,"412":1,"413":0,"414":0,"415":1,"416":1,"417":1,"418":1,"419":1,"420":1,"421":1,"422":1,"423":1,"424":0,"425":1,"426":1,"427":0,"428":0,"429":0,"430":0,"431":0,"432":0,"433":0,"434":0,"435":0,"436":0,"437":1,"438":0,"439":0,"440":0,"441":0,"442":0,"443":1,"444":1,"445":1,"446":1,"447":1,"448":0,"449":0,"450":0,"451":0,"452":0,"453":0,"454":0,"455":0,"456":0,"457":0,"458":1,"459":0,"460":0,"461":0,"462":1,"463":0,"464":0,"465":0,"466":0,"467":0,"468":1,"469":0,"470":0,"471":0,"472":0,"473":0,"474":0,"475":0,"476":0,"477":0,"478":0,"479":0,"480":0,"481":0,"482":0,"483":0,"484":0,"485":0,"486":1,"487":0,"488":0,"489":0,"490":0,"491":1,"492":0,"493":1,"494":1,"495":1,"496":1,"497":1,"498":1,"499":1,"500":1,"501":1,"502":1,"503":1,"504":0,"505":1,"506":3,"507":3,"508":3,"509":3,"510":3,"511":3,"512":1,"513":0,"514":1,"515":1,"516":1,"517":3,"518":1,"519":1,"520":1,"521":1,"522":1,"523":1,"524":1,"525":0,"526":0,"527":0,"528":1,"529":1,"530":1,"531":1,"532":1,"533":1,"534":1,"535":1,"536":1,"537":1,"538":1,"539":1,"540":1,"541":1,"542":1,"543":1,"544":1,"545":1,"546":1,"547":1,"548":0,"549":0,"550":0,"551":0,"552":0,"553":0,"554":0,"555":0,"556":0,"557":0,"558":0,"559":0,"560":0,"561":0,"562":0,"563":0,"564":0,"565":0,"566":0,"567":1,"568":0,"569":0,"570":0,"571":0,"572":0,"573":0,"574":0,"575":0,"576":0,"577":0,"578":0,"579":0,"580":1,"581":0,"582":0,"583":0,"584":0,"585":0,"586":1,"587":0,"588":1,"589":0,"590":0,"591":0,"592":0,"593":0,"594":0,"595":1,"596":0,"597":0,"598":0,"599":0,"600":0,"601":0,"602":0,"603":0,"604":0,"605":0,"606":0,"607":0,"608":0,"609":0,"610":0,"611":1,"612":0,"613":0,"614":0,"615":0,"616":0,"617":0,"618":0,"619":0,"620":0,"621":0,"622":0,"623":0,"624":0,"625":0,"626":1,"627":0,"628":0,"629":0,"630":0,"631":1,"632":0,"633":0,"634":0,"635":1,"636":0,"637":0,"638":0,"639":0,"640":0,"641":0,"642":0,"643":0,"644":0,"645":1,"646":0,"647":0,"648":0,"649":0,"650":0,"651":0,"652":1,"653":0,"654":1,"655":0,"656":0,"657":0,"658":0,"659":1,"660":0,"661":0,"662":0,"663":0,"664":0,"665":1,"666":0,"667":0,"668":0,"669":0,"670":0,"671":0,"672":0,"673":0,"674":0,"675":0,"676":0,"677":0,"678":0,"679":0,"680":0,"681":0,"682":0,"683":0,"684":0,"685":0,"686":0,"687":0,"688":1,"689":0,"690":0,"691":0,"692":0,"693":0,"694":0,"695":0,"696":0,"697":0,"698":0,"699":0,"700":0,"701":0,"702":0,"703":0,"704":0,"705":0,"706":0,"707":0,"708":0,"709":0,"710":0,"711":1,"712":0,"713":0,"714":0,"715":0,"716":0,"717":0,"718":0,"719":0,"720":0,"721":0,"722":0,"723":0,"724":1,"725":0,"726":0,"727":0,"728":0,"729":0,"730":0,"731":0,"732":0,"733":0,"734":1,"735":0,"736":0,"737":0,"738":0,"739":0,"740":0,"741":0,"742":0,"743":0,"744":0,"745":0,"746":0,"747":0,"748":0,"749":0,"750":0,"751":0,"752":0,"753":0,"754":0,"755":0,"756":0,"757":0,"758":0,"759":0,"760":0,"761":0,"762":0,"763":0,"764":1,"765":0,"766":0,"767":0,"768":0,"769":0,"770":0,"771":0,"772":0,"773":0,"774":1,"775":0,"776":0,"777":0,"778":0,"779":0,"780":0,"781":0,"782":0,"783":0,"784":0,"785":0,"786":0,"787":0,"788":0,"789":0,"790":0,"791":0,"792":0,"793":0,"794":0,"795":0,"796":0,"797":0,"798":0,"799":0,"800":0,"801":0,"802":0,"803":0,"804":0,"805":0,"806":0,"807":0,"808":0,"809":0,"810":0,"811":0,"812":0,"813":0,"814":0,"815":0,"816":0,"817":0,"818":0,"819":1,"820":0,"821":0,"822":0,"823":0,"824":0,"825":0,"826":0,"827":0,"828":0,"829":0,"830":0,"831":0,"832":0,"833":0,"834":0,"835":0,"836":0,"837":0,"838":0,"839":0,"840":0,"841":0,"842":0,"843":0,"844":0,"845":0,"846":0,"847":0,"848":0,"849":0,"850":0,"851":0,"852":0,"853":0,"854":0,"855":0,"856":0,"857":0,"858":1,"859":1,"860":1,"861":1,"862":1,"863":1,"864":1,"865":1,"866":1,"867":1,"868":0,"869":0,"870":0,"871":0,"872":0,"873":0,"874":0,"875":0,"876":0,"877":0,"878":0,"879":0,"880":1,"881":1,"882":1,"883":1,"884":1,"885":0,"886":0,"887":0,"888":0,"889":0,"890":0,"891":0,"892":0,"893":0,"894":0,"895":0,"896":1,"897":0,"898":0,"899":0,"900":1,"901":0,"902":1,"903":0,"904":1,"905":0,"906":1,"907":0,"908":1,"909":1,"910":1,"911":1,"912":1,"913":1,"914":1,"915":0,"916":0,"917":0,"918":0,"919":1,"920":1,"921":1,"922":1,"923":1,"924":0,"925":1,"926":0,"927":0,"928":0,"929":0,"930":0,"931":0,"932":0,"933":0,"934":1,"935":1,"936":1},"b":{"1":[1,1],"2":[0,1],"3":[0,0],"4":[0,0],"5":[1,0],"6":[1,1,1,0],"7":[1,1,1,0],"8":[1,0],"9":[1,1],"10":[1,1],"11":[0,1],"12":[1,0],"13":[0,0],"14":[0,0],"15":[0,0],"16":[0,0],"17":[0,0],"18":[0,0],"19":[2,1],"20":[0,0],"21":[0,1],"22":[1,1],"23":[0,1],"24":[0,0],"25":[0,0],"26":[1,0],"27":[0,0],"28":[0,0],"29":[0,0],"30":[0,0],"31":[0,0],"32":[0,0],"33":[1,0],"34":[1,0],"35":[1,0],"36":[1,0],"37":[1,0],"38":[1,0],"39":[1,0],"40":[1,0],"41":[1,0],"42":[1,0],"43":[0,1],"44":[0,0],"45":[1,0],"46":[1,0],"47":[1,0],"48":[1,0],"49":[0,0],"50":[0,0],"51":[0,0],"52":[1,0],"53":[1,0],"54":[1,1],"55":[0,0],"56":[0,0],"57":[0,0],"58":[0,0],"59":[0,0],"60":[0,0],"61":[1,0],"62":[0,1],"63":[1,1,0,0],"64":[0,1],"65":[1,1],"66":[0,0],"67":[0,0],"68":[0,0],"69":[0,0],"70":[0,0],"71":[0,0],"72":[0,0],"73":[0,0],"74":[0,0],"75":[0,0],"76":[0,0],"77":[0,0],"78":[0,0],"79":[0,0],"80":[0,0],"81":[0,0],"82":[0,0],"83":[0,0],"84":[0,0],"85":[1,0],"86":[0,0],"87":[0,0],"88":[0,0],"89":[0,0],"90":[0,0],"91":[0,0],"92":[0,0],"93":[0,0],"94":[0,0],"95":[0,0],"96":[0,0],"97":[0,0],"98":[0,0],"99":[0,0],"100":[0,1],"101":[1,0],"102":[1,0],"103":[0,1],"104":[0,0],"105":[0,0],"106":[0,0],"107":[0,0],"108":[0,0],"109":[0,0],"110":[0,0],"111":[0,0],"112":[0,0],"113":[0,0,0,0],"114":[0,0],"115":[0,0],"116":[3,0],"117":[1,0],"118":[0,0],"119":[0,0],"120":[0,0],"121":[0,0],"122":[0,0],"123":[0,0],"124":[0,0],"125":[0,0],"126":[0,0],"127":[0,0],"128":[0,0],"129":[0,0],"130":[0,0],"131":[0,0],"132":[0,0],"133":[0,0],"134":[0,0],"135":[0,0],"136":[0,0],"137":[0,0],"138":[0,0],"139":[0,0],"140":[0,0],"141":[0,0],"142":[0,0],"143":[0,0],"144":[0,0],"145":[0,0],"146":[0,0],"147":[0,0],"148":[0,0],"149":[0,0],"150":[0,0],"151":[0,0],"152":[0,0],"153":[0,0],"154":[0,0],"155":[0,0],"156":[0,0],"157":[0,0],"158":[0,0],"159":[0,0],"160":[0,0],"161":[0,0],"162":[0,0],"163":[0,0],"164":[0,0],"165":[0,0],"166":[0,0],"167":[0,0],"168":[0,0],"169":[0,0],"170":[0,0],"171":[0,0],"172":[0,0],"173":[0,0],"174":[0,0],"175":[0,0],"176":[0,0],"177":[0,0],"178":[0,0],"179":[0,0],"180":[0,0],"181":[0,0],"182":[0,0],"183":[0,0],"184":[0,0],"185":[0,0],"186":[0,0],"187":[0,0],"188":[0,0],"189":[0,0],"190":[0,0],"191":[0,0],"192":[1,0],"193":[0,0],"194":[0,0],"195":[0,0],"196":[0,0],"197":[0,0],"198":[0,0],"199":[0,0],"200":[0,0],"201":[0,0],"202":[0,0],"203":[0,0],"204":[0,0],"205":[0,0],"206":[1,0],"207":[1,1],"208":[1,0],"209":[1,1],"210":[0,0],"211":[0,0],"212":[0,0],"213":[1,0],"214":[1,0],"215":[1,0]},"f":{"1":1,"2":1,"3":1,"4":1,"5":1,"6":1,"7":0,"8":1,"9":0,"10":0,"11":0,"12":1,"13":1,"14":0,"15":0,"16":1,"17":1,"18":0,"19":0,"20":0,"21":0,"22":0,"23":0,"24":3,"25":0,"26":0,"27":1,"28":0,"29":0,"30":0,"31":1,"32":1,"33":0,"34":1,"35":0,"36":0,"37":1,"38":0,"39":0,"40":0,"41":1,"42":1,"43":1,"44":1,"45":1,"46":0,"47":0,"48":0,"49":0,"50":0,"51":0,"52":0,"53":0,"54":0,"55":0,"56":0,"57":0,"58":0,"59":0,"60":0,"61":0,"62":1,"63":1,"64":1,"65":0,"66":0,"67":0,"68":0,"69":0,"70":1,"71":0,"72":0,"73":0,"74":0,"75":0,"76":0,"77":1,"78":0,"79":0,"80":1,"81":1,"82":0,"83":0,"84":0,"85":0,"86":0,"87":0,"88":0,"89":0,"90":0,"91":0,"92":0,"93":0,"94":0,"95":1,"96":1,"97":1,"98":0,"99":0,"100":1,"101":0,"102":0,"103":0,"104":0,"105":0,"106":0,"107":1,"108":1,"109":0,"110":3,"111":0,"112":1,"113":3,"114":1,"115":0,"116":1,"117":1,"118":0,"119":0,"120":0,"121":0,"122":0,"123":0,"124":0,"125":0,"126":0,"127":0,"128":0,"129":0,"130":0,"131":0,"132":0,"133":0,"134":0,"135":0,"136":0,"137":0,"138":0,"139":0,"140":0,"141":0,"142":0,"143":0,"144":0,"145":0,"146":0,"147":0,"148":0,"149":0,"150":0,"151":0,"152":0,"153":1,"154":1,"155":0,"156":1,"157":0,"158":0,"159":0,"160":0,"161":0,"162":0,"163":1,"164":0,"165":0,"166":0},"fnMap":{"1":{"name":"(anonymous_1)","line":25,"loc":{"start":{"line":25,"column":1},"end":{"line":25,"column":22}}},"2":{"name":"_isWindows","line":28,"loc":{"start":{"line":28,"column":27},"end":{"line":28,"column":49}}},"3":{"name":"(anonymous_3)","line":49,"loc":{"start":{"line":49,"column":1},"end":{"line":49,"column":22}}},"4":{"name":"(anonymous_4)","line":51,"loc":{"start":{"line":51,"column":5},"end":{"line":51,"column":32}}},"5":{"name":"getHighPerformanceTimestamp","line":63,"loc":{"start":{"line":63,"column":4},"end":{"line":63,"column":43}}},"6":{"name":"(anonymous_6)","line":67,"loc":{"start":{"line":67,"column":23},"end":{"line":67,"column":35}}},"7":{"name":"LoaderEvent","line":68,"loc":{"start":{"line":68,"column":8},"end":{"line":68,"column":54}}},"8":{"name":"(anonymous_8)","line":76,"loc":{"start":{"line":76,"column":31},"end":{"line":76,"column":43}}},"9":{"name":"LoaderEventRecorder","line":77,"loc":{"start":{"line":77,"column":8},"end":{"line":77,"column":63}}},"10":{"name":"(anonymous_10)","line":80,"loc":{"start":{"line":80,"column":47},"end":{"line":80,"column":71}}},"11":{"name":"(anonymous_11)","line":83,"loc":{"start":{"line":83,"column":50},"end":{"line":83,"column":62}}},"12":{"name":"(anonymous_12)","line":89,"loc":{"start":{"line":89,"column":35},"end":{"line":89,"column":47}}},"13":{"name":"NullLoaderEventRecorder","line":90,"loc":{"start":{"line":90,"column":8},"end":{"line":90,"column":43}}},"14":{"name":"(anonymous_14)","line":92,"loc":{"start":{"line":92,"column":51},"end":{"line":92,"column":75}}},"15":{"name":"(anonymous_15)","line":95,"loc":{"start":{"line":95,"column":54},"end":{"line":95,"column":66}}},"16":{"name":"(anonymous_16)","line":108,"loc":{"start":{"line":108,"column":1},"end":{"line":108,"column":22}}},"17":{"name":"(anonymous_17)","line":109,"loc":{"start":{"line":109,"column":21},"end":{"line":109,"column":33}}},"18":{"name":"Utilities","line":110,"loc":{"start":{"line":110,"column":8},"end":{"line":110,"column":29}}},"19":{"name":"(anonymous_19)","line":115,"loc":{"start":{"line":115,"column":38},"end":{"line":115,"column":53}}},"20":{"name":"(anonymous_20)","line":134,"loc":{"start":{"line":134,"column":31},"end":{"line":134,"column":59}}},"21":{"name":"(anonymous_21)","line":137,"loc":{"start":{"line":137,"column":29},"end":{"line":137,"column":57}}},"22":{"name":"(anonymous_22)","line":141,"loc":{"start":{"line":141,"column":40},"end":{"line":141,"column":55}}},"23":{"name":"(anonymous_23)","line":147,"loc":{"start":{"line":147,"column":35},"end":{"line":147,"column":50}}},"24":{"name":"(anonymous_24)","line":150,"loc":{"start":{"line":150,"column":36},"end":{"line":150,"column":61}}},"25":{"name":"(anonymous_25)","line":160,"loc":{"start":{"line":160,"column":28},"end":{"line":160,"column":43}}},"26":{"name":"(anonymous_26)","line":162,"loc":{"start":{"line":162,"column":43},"end":{"line":162,"column":55}}},"27":{"name":"(anonymous_27)","line":167,"loc":{"start":{"line":167,"column":35},"end":{"line":167,"column":50}}},"28":{"name":"(anonymous_28)","line":172,"loc":{"start":{"line":172,"column":43},"end":{"line":172,"column":65}}},"29":{"name":"(anonymous_29)","line":182,"loc":{"start":{"line":182,"column":44},"end":{"line":182,"column":56}}},"30":{"name":"(anonymous_30)","line":185,"loc":{"start":{"line":185,"column":38},"end":{"line":185,"column":52}}},"31":{"name":"(anonymous_31)","line":198,"loc":{"start":{"line":198,"column":1},"end":{"line":198,"column":22}}},"32":{"name":"(anonymous_32)","line":199,"loc":{"start":{"line":199,"column":36},"end":{"line":199,"column":48}}},"33":{"name":"ConfigurationOptionsUtil","line":200,"loc":{"start":{"line":200,"column":8},"end":{"line":200,"column":44}}},"34":{"name":"(anonymous_34)","line":205,"loc":{"start":{"line":205,"column":64},"end":{"line":205,"column":83}}},"35":{"name":"defaultOnError","line":206,"loc":{"start":{"line":206,"column":12},"end":{"line":206,"column":41}}},"36":{"name":"(anonymous_36)","line":264,"loc":{"start":{"line":264,"column":48},"end":{"line":264,"column":63}}},"37":{"name":"(anonymous_37)","line":276,"loc":{"start":{"line":276,"column":61},"end":{"line":276,"column":88}}},"38":{"name":"(anonymous_38)","line":281,"loc":{"start":{"line":281,"column":59},"end":{"line":281,"column":81}}},"39":{"name":"(anonymous_39)","line":286,"loc":{"start":{"line":286,"column":63},"end":{"line":286,"column":87}}},"40":{"name":"(anonymous_40)","line":289,"loc":{"start":{"line":289,"column":63},"end":{"line":289,"column":87}}},"41":{"name":"(anonymous_41)","line":300,"loc":{"start":{"line":300,"column":25},"end":{"line":300,"column":37}}},"42":{"name":"Configuration","line":301,"loc":{"start":{"line":301,"column":8},"end":{"line":301,"column":40}}},"43":{"name":"(anonymous_43)","line":319,"loc":{"start":{"line":319,"column":67},"end":{"line":319,"column":79}}},"44":{"name":"(anonymous_44)","line":326,"loc":{"start":{"line":326,"column":56},"end":{"line":326,"column":68}}},"45":{"name":"(anonymous_45)","line":334,"loc":{"start":{"line":334,"column":58},"end":{"line":334,"column":70}}},"46":{"name":"(anonymous_46)","line":339,"loc":{"start":{"line":339,"column":68},"end":{"line":339,"column":88}}},"47":{"name":"(anonymous_47)","line":353,"loc":{"start":{"line":353,"column":39},"end":{"line":353,"column":55}}},"48":{"name":"(anonymous_48)","line":362,"loc":{"start":{"line":362,"column":48},"end":{"line":362,"column":67}}},"49":{"name":"(anonymous_49)","line":368,"loc":{"start":{"line":368,"column":52},"end":{"line":368,"column":64}}},"50":{"name":"(anonymous_50)","line":371,"loc":{"start":{"line":371,"column":46},"end":{"line":371,"column":66}}},"51":{"name":"(anonymous_51)","line":385,"loc":{"start":{"line":385,"column":51},"end":{"line":385,"column":66}}},"52":{"name":"(anonymous_52)","line":393,"loc":{"start":{"line":393,"column":62},"end":{"line":393,"column":77}}},"53":{"name":"(anonymous_53)","line":399,"loc":{"start":{"line":399,"column":63},"end":{"line":399,"column":79}}},"54":{"name":"(anonymous_54)","line":410,"loc":{"start":{"line":410,"column":50},"end":{"line":410,"column":70}}},"55":{"name":"(anonymous_55)","line":449,"loc":{"start":{"line":449,"column":47},"end":{"line":449,"column":62}}},"56":{"name":"(anonymous_56)","line":462,"loc":{"start":{"line":462,"column":42},"end":{"line":462,"column":54}}},"57":{"name":"(anonymous_57)","line":468,"loc":{"start":{"line":468,"column":63},"end":{"line":468,"column":83}}},"58":{"name":"(anonymous_58)","line":474,"loc":{"start":{"line":474,"column":53},"end":{"line":474,"column":73}}},"59":{"name":"(anonymous_59)","line":482,"loc":{"start":{"line":482,"column":51},"end":{"line":482,"column":63}}},"60":{"name":"(anonymous_60)","line":488,"loc":{"start":{"line":488,"column":52},"end":{"line":488,"column":64}}},"61":{"name":"(anonymous_61)","line":494,"loc":{"start":{"line":494,"column":42},"end":{"line":494,"column":57}}},"62":{"name":"(anonymous_62)","line":506,"loc":{"start":{"line":506,"column":1},"end":{"line":506,"column":22}}},"63":{"name":"(anonymous_63)","line":510,"loc":{"start":{"line":510,"column":32},"end":{"line":510,"column":44}}},"64":{"name":"OnlyOnceScriptLoader","line":511,"loc":{"start":{"line":511,"column":8},"end":{"line":511,"column":58}}},"65":{"name":"(anonymous_65)","line":515,"loc":{"start":{"line":515,"column":46},"end":{"line":515,"column":103}}},"66":{"name":"(anonymous_66)","line":526,"loc":{"start":{"line":526,"column":67},"end":{"line":526,"column":79}}},"67":{"name":"(anonymous_67)","line":526,"loc":{"start":{"line":526,"column":125},"end":{"line":526,"column":140}}},"68":{"name":"(anonymous_68)","line":528,"loc":{"start":{"line":528,"column":57},"end":{"line":528,"column":78}}},"69":{"name":"(anonymous_69)","line":535,"loc":{"start":{"line":535,"column":58},"end":{"line":535,"column":84}}},"70":{"name":"(anonymous_70)","line":544,"loc":{"start":{"line":544,"column":31},"end":{"line":544,"column":43}}},"71":{"name":"BrowserScriptLoader","line":545,"loc":{"start":{"line":545,"column":8},"end":{"line":545,"column":39}}},"72":{"name":"(anonymous_72)","line":551,"loc":{"start":{"line":551,"column":56},"end":{"line":551,"column":95}}},"73":{"name":"(anonymous_73)","line":552,"loc":{"start":{"line":552,"column":25},"end":{"line":552,"column":37}}},"74":{"name":"(anonymous_74)","line":556,"loc":{"start":{"line":556,"column":36},"end":{"line":556,"column":49}}},"75":{"name":"(anonymous_75)","line":560,"loc":{"start":{"line":560,"column":37},"end":{"line":560,"column":50}}},"76":{"name":"(anonymous_76)","line":567,"loc":{"start":{"line":567,"column":45},"end":{"line":567,"column":102}}},"77":{"name":"(anonymous_77)","line":577,"loc":{"start":{"line":577,"column":30},"end":{"line":577,"column":42}}},"78":{"name":"WorkerScriptLoader","line":578,"loc":{"start":{"line":578,"column":8},"end":{"line":578,"column":38}}},"79":{"name":"(anonymous_79)","line":580,"loc":{"start":{"line":580,"column":44},"end":{"line":580,"column":101}}},"80":{"name":"(anonymous_80)","line":591,"loc":{"start":{"line":591,"column":28},"end":{"line":591,"column":40}}},"81":{"name":"NodeScriptLoader","line":592,"loc":{"start":{"line":592,"column":8},"end":{"line":592,"column":36}}},"82":{"name":"(anonymous_82)","line":595,"loc":{"start":{"line":595,"column":43},"end":{"line":595,"column":66}}},"83":{"name":"(anonymous_83)","line":605,"loc":{"start":{"line":605,"column":42},"end":{"line":605,"column":99}}},"84":{"name":"(anonymous_84)","line":609,"loc":{"start":{"line":609,"column":61},"end":{"line":609,"column":74}}},"85":{"name":"(anonymous_85)","line":622,"loc":{"start":{"line":622,"column":63},"end":{"line":622,"column":75}}},"86":{"name":"(anonymous_86)","line":627,"loc":{"start":{"line":627,"column":67},"end":{"line":627,"column":88}}},"87":{"name":"(anonymous_87)","line":655,"loc":{"start":{"line":655,"column":61},"end":{"line":655,"column":82}}},"88":{"name":"(anonymous_88)","line":671,"loc":{"start":{"line":671,"column":58},"end":{"line":671,"column":70}}},"89":{"name":"(anonymous_89)","line":671,"loc":{"start":{"line":671,"column":114},"end":{"line":671,"column":129}}},"90":{"name":"(anonymous_90)","line":683,"loc":{"start":{"line":683,"column":58},"end":{"line":683,"column":70}}},"91":{"name":"(anonymous_91)","line":683,"loc":{"start":{"line":683,"column":136},"end":{"line":683,"column":151}}},"92":{"name":"(anonymous_92)","line":698,"loc":{"start":{"line":698,"column":56},"end":{"line":698,"column":119}}},"93":{"name":"(anonymous_93)","line":708,"loc":{"start":{"line":708,"column":56},"end":{"line":708,"column":85}}},"94":{"name":"(anonymous_94)","line":713,"loc":{"start":{"line":713,"column":36},"end":{"line":713,"column":68}}},"95":{"name":"(anonymous_95)","line":731,"loc":{"start":{"line":731,"column":1},"end":{"line":731,"column":22}}},"96":{"name":"(anonymous_96)","line":734,"loc":{"start":{"line":734,"column":28},"end":{"line":734,"column":40}}},"97":{"name":"ModuleIdResolver","line":735,"loc":{"start":{"line":735,"column":8},"end":{"line":735,"column":48}}},"98":{"name":"(anonymous_98)","line":747,"loc":{"start":{"line":747,"column":46},"end":{"line":747,"column":66}}},"99":{"name":"(anonymous_99)","line":768,"loc":{"start":{"line":768,"column":51},"end":{"line":768,"column":71}}},"100":{"name":"(anonymous_100)","line":783,"loc":{"start":{"line":783,"column":18},"end":{"line":783,"column":30}}},"101":{"name":"Module","line":784,"loc":{"start":{"line":784,"column":8},"end":{"line":784,"column":88}}},"102":{"name":"(anonymous_102)","line":796,"loc":{"start":{"line":796,"column":37},"end":{"line":796,"column":63}}},"103":{"name":"(anonymous_103)","line":810,"loc":{"start":{"line":810,"column":32},"end":{"line":810,"column":93}}},"104":{"name":"(anonymous_104)","line":825,"loc":{"start":{"line":825,"column":36},"end":{"line":825,"column":84}}},"105":{"name":"(anonymous_105)","line":857,"loc":{"start":{"line":857,"column":45},"end":{"line":857,"column":60}}},"106":{"name":"(anonymous_106)","line":867,"loc":{"start":{"line":867,"column":38},"end":{"line":867,"column":50}}},"107":{"name":"(anonymous_107)","line":873,"loc":{"start":{"line":873,"column":28},"end":{"line":873,"column":40}}},"108":{"name":"ModuleIdProvider","line":874,"loc":{"start":{"line":874,"column":8},"end":{"line":874,"column":36}}},"109":{"name":"(anonymous_109)","line":883,"loc":{"start":{"line":883,"column":52},"end":{"line":883,"column":64}}},"110":{"name":"(anonymous_110)","line":886,"loc":{"start":{"line":886,"column":49},"end":{"line":886,"column":72}}},"111":{"name":"(anonymous_111)","line":895,"loc":{"start":{"line":895,"column":52},"end":{"line":895,"column":72}}},"112":{"name":"(anonymous_112)","line":900,"loc":{"start":{"line":900,"column":29},"end":{"line":900,"column":41}}},"113":{"name":"RegularDependency","line":901,"loc":{"start":{"line":901,"column":8},"end":{"line":901,"column":39}}},"114":{"name":"(anonymous_114)","line":910,"loc":{"start":{"line":910,"column":28},"end":{"line":910,"column":40}}},"115":{"name":"PluginDependency","line":911,"loc":{"start":{"line":911,"column":8},"end":{"line":911,"column":61}}},"116":{"name":"(anonymous_116)","line":919,"loc":{"start":{"line":919,"column":25},"end":{"line":919,"column":37}}},"117":{"name":"ModuleManager","line":920,"loc":{"start":{"line":920,"column":8},"end":{"line":920,"column":71}}},"118":{"name":"(anonymous_118)","line":936,"loc":{"start":{"line":936,"column":53},"end":{"line":936,"column":78}}},"119":{"name":"(anonymous_119)","line":937,"loc":{"start":{"line":937,"column":28},"end":{"line":937,"column":43}}},"120":{"name":"(anonymous_120)","line":963,"loc":{"start":{"line":963,"column":47},"end":{"line":963,"column":59}}},"121":{"name":"(anonymous_121)","line":987,"loc":{"start":{"line":987,"column":46},"end":{"line":987,"column":58}}},"122":{"name":"(anonymous_122)","line":998,"loc":{"start":{"line":998,"column":50},"end":{"line":998,"column":62}}},"123":{"name":"(anonymous_123)","line":1006,"loc":{"start":{"line":1006,"column":63},"end":{"line":1006,"column":97}}},"124":{"name":"(anonymous_124)","line":1026,"loc":{"start":{"line":1026,"column":47},"end":{"line":1026,"column":130}}},"125":{"name":"(anonymous_125)","line":1041,"loc":{"start":{"line":1041,"column":75},"end":{"line":1041,"column":90}}},"126":{"name":"(anonymous_126)","line":1047,"loc":{"start":{"line":1047,"column":55},"end":{"line":1047,"column":95}}},"127":{"name":"(anonymous_127)","line":1068,"loc":{"start":{"line":1068,"column":57},"end":{"line":1068,"column":99}}},"128":{"name":"(anonymous_128)","line":1075,"loc":{"start":{"line":1075,"column":51},"end":{"line":1075,"column":114}}},"129":{"name":"(anonymous_129)","line":1086,"loc":{"start":{"line":1086,"column":53},"end":{"line":1086,"column":95}}},"130":{"name":"(anonymous_130)","line":1098,"loc":{"start":{"line":1098,"column":44},"end":{"line":1098,"column":79}}},"131":{"name":"(anonymous_131)","line":1110,"loc":{"start":{"line":1110,"column":44},"end":{"line":1110,"column":56}}},"132":{"name":"(anonymous_132)","line":1117,"loc":{"start":{"line":1117,"column":42},"end":{"line":1117,"column":62}}},"133":{"name":"(anonymous_133)","line":1125,"loc":{"start":{"line":1125,"column":51},"end":{"line":1125,"column":76}}},"134":{"name":"(anonymous_134)","line":1128,"loc":{"start":{"line":1128,"column":76},"end":{"line":1128,"column":99}}},"135":{"name":"(anonymous_135)","line":1140,"loc":{"start":{"line":1140,"column":47},"end":{"line":1140,"column":72}}},"136":{"name":"(anonymous_136)","line":1178,"loc":{"start":{"line":1178,"column":53},"end":{"line":1178,"column":77}}},"137":{"name":"(anonymous_137)","line":1221,"loc":{"start":{"line":1221,"column":49},"end":{"line":1221,"column":80}}},"138":{"name":"(anonymous_138)","line":1243,"loc":{"start":{"line":1243,"column":49},"end":{"line":1243,"column":77}}},"139":{"name":"(anonymous_139)","line":1245,"loc":{"start":{"line":1245,"column":26},"end":{"line":1245,"column":71}}},"140":{"name":"(anonymous_140)","line":1248,"loc":{"start":{"line":1248,"column":27},"end":{"line":1248,"column":41}}},"141":{"name":"(anonymous_141)","line":1251,"loc":{"start":{"line":1251,"column":30},"end":{"line":1251,"column":42}}},"142":{"name":"(anonymous_142)","line":1257,"loc":{"start":{"line":1257,"column":46},"end":{"line":1257,"column":66}}},"143":{"name":"(anonymous_143)","line":1270,"loc":{"start":{"line":1270,"column":31},"end":{"line":1270,"column":46}}},"144":{"name":"(anonymous_144)","line":1286,"loc":{"start":{"line":1286,"column":67},"end":{"line":1286,"column":79}}},"145":{"name":"(anonymous_145)","line":1292,"loc":{"start":{"line":1292,"column":23},"end":{"line":1292,"column":38}}},"146":{"name":"(anonymous_146)","line":1306,"loc":{"start":{"line":1306,"column":56},"end":{"line":1306,"column":92}}},"147":{"name":"(anonymous_147)","line":1314,"loc":{"start":{"line":1314,"column":24},"end":{"line":1314,"column":41}}},"148":{"name":"(anonymous_148)","line":1317,"loc":{"start":{"line":1317,"column":25},"end":{"line":1317,"column":40}}},"149":{"name":"(anonymous_149)","line":1325,"loc":{"start":{"line":1325,"column":43},"end":{"line":1325,"column":61}}},"150":{"name":"(anonymous_150)","line":1353,"loc":{"start":{"line":1353,"column":47},"end":{"line":1353,"column":61}}},"151":{"name":"(anonymous_151)","line":1383,"loc":{"start":{"line":1383,"column":52},"end":{"line":1383,"column":70}}},"152":{"name":"(anonymous_152)","line":1401,"loc":{"start":{"line":1401,"column":32},"end":{"line":1401,"column":44}}},"153":{"name":"(anonymous_153)","line":1457,"loc":{"start":{"line":1457,"column":1},"end":{"line":1457,"column":22}}},"154":{"name":"(anonymous_154)","line":1460,"loc":{"start":{"line":1460,"column":22},"end":{"line":1460,"column":34}}},"155":{"name":"DefineFunc","line":1461,"loc":{"start":{"line":1461,"column":8},"end":{"line":1461,"column":56}}},"156":{"name":"(anonymous_156)","line":1487,"loc":{"start":{"line":1487,"column":23},"end":{"line":1487,"column":35}}},"157":{"name":"RequireFunc","line":1488,"loc":{"start":{"line":1488,"column":8},"end":{"line":1488,"column":31}}},"158":{"name":"(anonymous_158)","line":1506,"loc":{"start":{"line":1506,"column":29},"end":{"line":1506,"column":64}}},"159":{"name":"(anonymous_159)","line":1510,"loc":{"start":{"line":1510,"column":32},"end":{"line":1510,"column":44}}},"160":{"name":"(anonymous_160)","line":1516,"loc":{"start":{"line":1516,"column":28},"end":{"line":1516,"column":40}}},"161":{"name":"(anonymous_161)","line":1522,"loc":{"start":{"line":1522,"column":35},"end":{"line":1522,"column":47}}},"1
[...]
ve them as needed.","         */","        ModuleManager.prototype._resolve = function (module) {","            var _this = this;","            var dependencies = module.dependencies;","            for (var i = 0, len = dependencies.length; i < len; i++) {","                var dependency = dependencies[i];","                if (dependency === RegularDependency.EXPORTS) {","                    module.exportsPassedIn = true;","                    module.unresolvedDependenciesCount--;","                    continue;","                }","                if (dependency === RegularDependency.MODULE) {","                    module.unresolvedDependenciesCount--;","                    continue;","                }","                if (dependency === RegularDependency.REQUIRE) {","                    module.unresolvedDependenciesCount--;","                    continue;","                }","                var dependencyModule = this._modules2[dependency.id];","                if (dependencyModule && dependencyModule.isComplete()) {","                    module.unresolvedDependenciesCount--;","                    continue;","                }","                if (this._hasDependencyPath(dependency.id, module.id)) {","                    console.warn('There is a dependency cycle between \\'' + this._moduleIdProvider.getStrModuleId(dependency.id) + '\\' and \\'' + this._moduleIdProvider.getStrModuleId(module.id) + '\\'. The cyclic path follows:');","                    var cyclePath = this._findCyclePath(dependency.id, module.id, 0);","                    cyclePath.reverse();","                    cyclePath.push(dependency.id);","                    console.warn(cyclePath.map(function (id) { return _this._moduleIdProvider.getStrModuleId(id); }).join(' => \\n'));","                    // Break the cycle","                    module.unresolvedDependenciesCount--;","                    continue;","                }","                // record inverse dependency","                this._inverseDependencies2[dependency.id] = this._inverseDependencies2[dependency.id] || [];","                this._inverseDependencies2[dependency.id].push(module.id);","                if (dependency instanceof PluginDependency) {","                    var plugin = this._modules2[dependency.pluginId];","                    if (plugin && plugin.isComplete()) {","                        this._loadPluginDependency(plugin.exports, dependency);","                        continue;","                    }","                    // Record dependency for when the plugin gets loaded","                    var inversePluginDeps = this._inversePluginDependencies2.get(dependency.pluginId);","                    if (!inversePluginDeps) {","                        inversePluginDeps = [];","                        this._inversePluginDependencies2.set(dependency.pluginId, inversePluginDeps);","                    }","                    inversePluginDeps.push(dependency);","                    this._loadModule(dependency.pluginId);","                    continue;","                }","                this._loadModule(dependency.id);","            }","            if (module.unresolvedDependenciesCount === 0) {","                this._onModuleComplete(module);","            }","        };","        ModuleManager.prototype._onModuleComplete = function (module) {","            var _this = this;","            var recorder = this.getRecorder();","            if (module.isComplete()) {","                // already done","                return;","            }","            var dependencies = module.dependencies;","            var dependenciesValues = [];","            for (var i = 0, len = dependencies.length; i < len; i++) {","                var dependency = dependencies[i];","                if (dependency === RegularDependency.EXPORTS) {","                    dependenciesValues[i] = module.exports;","                    continue;","                }","                if (dependency === RegularDependency.MODULE) {","                    dependenciesValues[i] = {","                        id: module.strId,","                        config: function () {","                            return _this._config.getConfigForModule(module.strId);","                        }","                    };","                    continue;","                }","                if (dependency === RegularDependency.REQUIRE) {","                    dependenciesValues[i] = this._createRequire(module.moduleIdResolver);","                    continue;","                }","                var dependencyModule = this._modules2[dependency.id];","                if (dependencyModule) {","                    dependenciesValues[i] = dependencyModule.exports;","                    continue;","                }","                dependenciesValues[i] = null;","            }","            module.complete(recorder, this._config, dependenciesValues);","            // Fetch and clear inverse dependencies","            var inverseDeps = this._inverseDependencies2[module.id];","            this._inverseDependencies2[module.id] = null;","            if (inverseDeps) {","                // Resolve one inverse dependency at a time, always","                // on the lookout for a completed module.","                for (var i = 0, len = inverseDeps.length; i < len; i++) {","                    var inverseDependencyId = inverseDeps[i];","                    var inverseDependency = this._modules2[inverseDependencyId];","                    inverseDependency.unresolvedDependenciesCount--;","                    if (inverseDependency.unresolvedDependenciesCount === 0) {","                        this._onModuleComplete(inverseDependency);","                    }","                }","            }","            var inversePluginDeps = this._inversePluginDependencies2.get(module.id);","            if (inversePluginDeps) {","                // This module is used as a plugin at least once","                // Fetch and clear these inverse plugin dependencies","                this._inversePluginDependencies2.delete(module.id);","                // Resolve plugin dependencies one at a time","                for (var i = 0, len = inversePluginDeps.length; i < len; i++) {","                    this._loadPluginDependency(module.exports, inversePluginDeps[i]);","                }","            }","        };","        return ModuleManager;","    }());","    AMDLoader.ModuleManager = ModuleManager;","})(AMDLoader || (AMDLoader = {}));","/*---------------------------------------------------------------------------------------------"," *  Copyright (c) Microsoft Corporation. All rights reserved."," *  Licensed under the MIT License. See License.txt in the project root for license information."," *--------------------------------------------------------------------------------------------*/","'use strict';","// Limitation: To load jquery through the loader, always require 'jquery' and add a path for it in the loader configuration","var define;","var AMDLoader;","(function (AMDLoader) {","    var moduleManager;","    var loaderAvailableTimestamp;","    var DefineFunc = (function () {","        function DefineFunc(id, dependencies, callback) {","            if (typeof id !== 'string') {","                callback = dependencies;","                dependencies = id;","                id = null;","            }","            if (typeof dependencies !== 'object' || !Array.isArray(dependencies)) {","                callback = dependencies;","                dependencies = null;","            }","            if (!dependencies) {","                dependencies = ['require', 'exports', 'module'];","            }","            if (id) {","                moduleManager.defineModule(id, dependencies, callback, null, null);","            }","            else {","                moduleManager.enqueueDefineAnonymousModule(dependencies, callback);","            }","        }","        return DefineFunc;","    }());","    DefineFunc.amd = {","        jQuery: true","    };","    AMDLoader.DefineFunc = DefineFunc;","    var RequireFunc = (function () {","        function RequireFunc() {","            if (arguments.length === 1) {","                if ((arguments[0] instanceof Object) && !Array.isArray(arguments[0])) {","                    RequireFunc.config(arguments[0]);","                    return;","                }","                if (typeof arguments[0] === 'string') {","                    return moduleManager.synchronousRequire(arguments[0]);","                }","            }","            if (arguments.length === 2 || arguments.length === 3) {","                if (Array.isArray(arguments[0])) {","                    moduleManager.defineModule(AMDLoader.Utilities.generateAnonymousModule(), arguments[0], arguments[1], arguments[2], null);","                    return;","                }","            }","            throw new Error('Unrecognized require call');","        }","        RequireFunc.config = function (params, shouldOverwrite) {","            if (shouldOverwrite === void 0) { shouldOverwrite = false; }","            moduleManager.configure(params, shouldOverwrite);","        };","        RequireFunc.getConfig = function () {","            return moduleManager.getConfig().getOptionsLiteral();","        };","        /**","         * Non standard extension to reset completely the loader state. This is used for running amdjs tests","         */","        RequireFunc.reset = function () {","            moduleManager = new AMDLoader.ModuleManager(AMDLoader.scriptLoader, loaderAvailableTimestamp);","        };","        /**","         * Non standard extension to fetch loader state for building purposes.","         */","        RequireFunc.getBuildInfo = function () {","            return moduleManager.getBuildInfo();","        };","        /**","         * Non standard extension to fetch loader events","         */","        RequireFunc.getStats = function () {","            return moduleManager.getLoaderEvents();","        };","        return RequireFunc;","    }());","    AMDLoader.RequireFunc = RequireFunc;","    function init() {","        moduleManager = new AMDLoader.ModuleManager(AMDLoader.scriptLoader, loaderAvailableTimestamp);","        if (AMDLoader.isNode) {","            var _nodeRequire = (AMDLoader.global.require || require);","            var nodeRequire = function (what) {","                moduleManager.getRecorder().record(AMDLoader.LoaderEventType.NodeBeginNativeRequire, what);","                try {","                    return _nodeRequire(what);","                }","                finally {","                    moduleManager.getRecorder().record(AMDLoader.LoaderEventType.NodeEndNativeRequire, what);","                }","            };","            AMDLoader.global.nodeRequire = nodeRequire;","            RequireFunc.nodeRequire = nodeRequire;","        }","        if (AMDLoader.isNode && !AMDLoader.isElectronRenderer) {","            module.exports = RequireFunc;","            // These two defs are fore the local closure defined in node in the case that the loader is concatenated","            define = function () {","                DefineFunc.apply(null, arguments);","            };","            require = RequireFunc;","        }","        else {","            // The global variable require can configure the loader","            if (typeof AMDLoader.global.require !== 'undefined' && typeof AMDLoader.global.require !== 'function') {","                RequireFunc.config(AMDLoader.global.require);","            }","            if (!AMDLoader.isElectronRenderer) {","                AMDLoader.global.define = define = DefineFunc;","            }","            else {","                define = function () {","                    DefineFunc.apply(null, arguments);","                };","            }","            AMDLoader.global.require = RequireFunc;","            AMDLoader.global.require.__$__nodeRequire = nodeRequire;","        }","    }","    if (typeof AMDLoader.global.define !== 'function' || !AMDLoader.global.define.amd) {","        init();","        loaderAvailableTimestamp = AMDLoader.getHighPerformanceTimestamp();","    }","})(AMDLoader || (AMDLoader = {}));","","//# sourceMappingURL=loader.js.map",""],"l":{"23":1,"24":1,"25":1,"26":1,"27":1,"28":1,"29":1,"30":0,"31":0,"34":1,"35":1,"37":0,"39":1,"40":1,"41":1,"42":1,"48":1,"49":1,"50":1,"51":1,"52":1,"53":1,"54":1,"55":1,"56":1,"57":1,"58":1,"59":1,"60":1,"61":1,"63":1,"64":1,"66":1,"67":1,"68":1,"69":0,"70":0,"71":0,"73":1,"75":1,"76":1,"77":1,"78":0,"80":1,"81":0,"83":1,"84":0,"86":1,"88":1,"89":1,"90":1,"92":1,"95":1,"96":0,"98":1,"100":1,"101":1,"107":1,"108":1,"109":1,"110":1,"115":1,"116":0,"117":0,"118":0,"120":0,"122":0,"123":0,"127":0,"128":0,"132":0,"134":1,"135":0,"137":1,"138":0,"141":1,"142":0,"147":1,"148":0,"150":1,"151":3,"152":2,"153":2,"154":0,"155":0,"160":1,"161":0,"162":0,"163":0,"165":0,"167":1,"168":1,"169":0,"171":1,"172":1,"173":0,"174":0,"177":0,"180":1,"182":1,"183":0,"185":1,"186":0,"188":1,"190":1,"191":1,"197":1,"198":1,"199":1,"200":1,"205":1,"206":1,"207":0,"208":0,"209":0,"210":0,"211":0,"213":0,"214":0,"215":0,"217":0,"218":0,"219":0,"220":0,"221":0,"223":0,"226":1,"227":1,"228":1,"230":1,"231":1,"233":1,"234":1,"236":1,"237":1,"239":1,"241":1,"243":1,"244":1,"246":1,"247":1,"249":1,"250":1,"252":1,"253":0,"254":0,"257":1,"258":1,"260":1,"261":1,"263":1,"264":1,"265":0,"266":0,"268":0,"269":0,"270":0,"274":1,"276":1,"277":1,"278":1,"279":1,"281":1,"282":0,"283":0,"285":0,"286":0,"288":0,"289":0,"292":0,"295":1,"297":1,"299":1,"300":1,"301":1,"302":1,"303":1,"304":1,"305":1,"306":1,"307":1,"308":0,"309":0,"310":0,"312":1,"313":0,"314":0,"315":0,"319":1,"321":1,"322":1,"323":0,"326":1,"328":1,"329":1,"330":0,"331":0,"334":1,"335":1,"338":1,"339":1,"340":0,"341":0,"347":0,"353":1,"354":0,"362":1,"363":0,"368":1,"369":0,"371":1,"372":0,"373":0,"374":0,"375":0,"376":0,"377":0,"378":0,"380":0,"383":0,"385":1,"386":0,"387":0,"390":0,"393":1,"394":0,"395":0,"397":0,"399":1,"400":0,"401":0,"402":0,"405":0,"410":1,"411":0,"413":0,"415":0,"419":0,"422":0,"423":0,"424":0,"425":0,"426":0,"427":0,"428":0,"430":0,"431":0,"433":0,"434":0,"439":0,"440":0,"442":0,"444":0,"449":1,"450":0,"451":0,"452":0,"453":0,"454":0,"457":0,"462":1,"463":0,"468":1,"469":0,"474":1,"475":0,"476":0,"482":1,"483":0,"488":1,"489":0,"494":1,"495":0,"497":1,"499":1,"505":1,"506":1,"510":1,"511":1,"512":1,"513":1,"515":1,"516":0,"517":0,"521":0,"522":0,"523":0,"525":0,"526":0,"528":1,"529":0,"530":0,"531":0,"532":0,"535":1,"536":0,"537":0,"538":0,"539":0,"542":1,"544":1,"545":1,"551":1,"552":0,"553":0,"554":0,"556":0,"557":0,"558":0,"560":0,"561":0,"562":0,"564":0,"565":0,"567":1,"568":0,"569":0,"570":0,"571":0,"572":0,"573":0,"575":1,"577":1,"578":1,"580":1,"581":0,"582":0,"583":0,"586":0,"589":1,"591":1,"592":1,"593":1,"595":1,"596":0,"597":0,"599":0,"600":0,"601":0,"602":0,"603":0,"605":1,"606":0,"607":0,"608":0,"609":0,"610":0,"611":0,"612":0,"613":0,"614":0,"615":0,"616":0,"619":0,"620":0,"622":0,"623":0,"626":0,"627":0,"628":0,"629":0,"630":0,"632":0,"634":0,"635":0,"636":0,"637":0,"639":0,"641":0,"642":0,"643":0,"646":0,"648":0,"649":0,"650":0,"651":0,"654":0,"655":0,"657":0,"662":0,"663":0,"665":0,"667":0,"671":0,"672":0,"673":0,"681":0,"683":0,"684":0,"685":0,"698":1,"700":0,"701":0,"702":0,"703":0,"705":0,"706":0,"708":1,"709":0,"710":0,"711":0,"713":1,"714":0,"715":0,"717":1,"719":1,"720":1,"730":1,"731":1,"734":1,"735":1,"736":1,"737":1,"738":0,"741":1,"747":1,"748":0,"750":0,"751":0,"752":0,"755":0,"757":0,"758":0,"759":0,"762":0,"763":0,"768":1,"769":0,"770":0,"771":0,"772":0,"775":0,"777":1,"779":1,"780":1,"783":1,"784":1,"785":0,"786":0,"787":0,"788":0,"789":0,"790":0,"791":0,"792":0,"793":0,"794":0,"796":1,"797":0,"798":0,"804":0,"810":1,"811":0,"812":0,"817":0,"818":0,"820":0,"825":1,"826":0,"827":0,"828":0,"829":0,"830":0,"831":0,"832":0,"833":0,"834":0,"835":0,"839":0,"842":0,"843":0,"849":0,"850":0,"851":0,"852":0,"857":1,"858":0,"859":0,"860":0,"862":0,"867":1,"868":0,"870":1,"872":1,"873":1,"874":1,"875":1,"876":1,"877":1,"879":1,"880":1,"881":1,"883":1,"884":0,"886":1,"887":3,"888":3,"889":3,"890":3,"891":3,"893":3,"895":1,"896":0,"898":1,"900":1,"901":1,"902":3,"904":1,"906":1,"907":1,"908":1,"909":1,"910":1,"911":1,"912":0,"913":0,"914":0,"916":1,"918":1,"919":1,"920":1,"921":1,"922":1,"923":1,"924":1,"925":1,"926":1,"927":1,"928":1,"929":1,"930":1,"931":1,"932":1,"933":1,"934":1,"936":1,"937":0,"938":0,"939":0,"940":0,"941":0,"942":0,"943":0,"944":0,"945":0,"946":0,"947":0,"948":0,"949":0,"950":0,"954":0,"955":0,"957":0,"961":0,"963":1,"964":0,"965":0,"967":0,"968":0,"969":0,"970":0,"971":0,"973":0,"974":0,"975":0,"976":0,"985":0,"987":1,"988":0,"989":0,"990":0,"993":0,"996":0,"998":1,"999":0,"1006":1,"1007":0,"1008":0,"1010":0,"1011":0,"1012":0,"1014":0,"1026":1,"1027":0,"1028":0,"1029":0,"1030":0,"1031":0,"1032":0,"1035":0,"1037":0,"1038":0,"1039":0,"1040":0,"1041":0,"1045":0,"1047":1,"1048":0,"1049":0,"1051":0,"1052":0,"1054":0,"1055":0,"1058":0,"1059":0,"1060":0,"1061":0,"1062":0,"1063":0,"1064":0,"1066":0,"1068":1,"1069":0,"1070":0,"1071":0,"1073":0,"1075":1,"1076":0,"1077":0,"1079":0,"1086":1,"1087":0,"1088":0,"1089":0,"1090":0,"1091":0,"1093":0,"1094":0,"1096":0,"1098":1,"1099":0,"1100":0,"1101":0,"1104":0,"1106":0,"1107":0,"1110":1,"1111":0,"1117":1,"1118":0,"1119":0,"1120":0,"1122":0,"1125":1,"1126":0,"1127":0,"1128":0,"1129":0,"1140":1,"1141":0,"1143":0,"1144":0,"1145":0,"1147":0,"1148":0,"1149":0,"1150":0,"1151":0,"1152":0,"1153":0,"1154":0,"1155":0,"1157":0,"1158":0,"1159":0,"1160":0,"1161":0,"1162":0,"1163":0,"1168":0,"1169":0,"1178":1,"1179":0,"1180":0,"1181":0,"1183":0,"1184":0,"1185":0,"1187":0,"1189":0,"1190":0,"1191":0,"1193":0,"1194":0,"1195":0,"1197":0,"1198":0,"1199":0,"1201":0,"1203":0,"1204":0,"1206":0,"1207":0,"1213":0,"1221":1,"1222":0,"1223":0,"1225":0,"1226":0,"1227":0,"1230":0,"1231":0,"1232":0,"1233":0,"1234":0,"1235":0,"1238":0,"1243":1,"1244":0,"1245":0,"1246":0,"1248":0,"1249":0,"1251":0,"1252":0,"1254":0,"1255":0,"1257":1,"1258":0,"1259":0,"1261":0,"1263":0,"1264":0,"1265":0,"1266":0,"1267":0,"1269":0,"1270":0,"1271":0,"1272":0,"1274":0,"1277":0,"1278":0,"1279":0,"1280":0,"1281":0,"1282":0,"1283":0,"1285":0,"1286":0,"1287":0,"1288":0,"1290":0,"1291":0,"1293":0,"1294":0,"1298":0,"1306":1,"1307":0,"1308":0,"1310":0,"1312":0,"1314":0,"1315":0,"1317":0,"1318":0,"1320":0,"1325":1,"1326":0,"1327":0,"1328":0,"1329":0,"1330":0,"1331":0,"1332":0,"1333":0,"1335":0,"1336":0,"1337":0,"1339":0,"1340":0,"1341":0,"1343":0,"1344":0,"1345":0,"1346":0,"1348":0,"1349":0,"1350":0,"1351":0,"1352":0,"1353":0,"1355":0,"1356":0,"1359":0,"1360":0,"1361":0,"1362":0,"1363":0,"1364":0,"1365":0,"1368":0,"1369":0,"1370":0,"1371":0,"1373":0,"1374":0,"1375":0,"1377":0,"1379":0,"1380":0,"1383":1,"1384":0,"1385":0,"1386":0,"1388":0,"1390":0,"1391":0,"1392":0,"1393":0,"1394":0,"1395":0,"1396":0,"1398":0,"1399":0,"1402":0,"1405":0,"1407":0,"1408":0,"1409":0,"1411":0,"1412":0,"1413":0,"1414":0,"1416":0,"1418":0,"1420":0,"1421":0,"1422":0,"1425":0,"1426":0,"1427":0,"1428":0,"1429":0,"1430":0,"1434":0,"1435":0,"1438":0,"1440":0,"1441":0,"1445":1,"1447":1,"1453":1,"1455":1,"1456":1,"1457":1,"1458":1,"1459":1,"1460":1,"1461":1,"1462":0,"1463":0,"1464":0,"1465":0,"1467":0,"1468":0,"1469":0,"1471":0,"1472":0,"1474":0,"1475":0,"1478":0,"1481":1,"1483":1,"1486":1,"1487":1,"1488":1,"1489":0,"1490":0,"1491":0,"1492":0,"1494":0,"1495":0,"1498":0,"1499":0,"1500":0,"1501":0,"1504":0,"1506":1,"1507":0,"1508":0,"1510":1,"1511":0,"1516":1,"1517":0,"1522":1,"1523":0,"1528":1,"1529":0,"1531":1,"1533":1,"1534":1,"1535":1,"1536":1,"1537":1,"1538":1,"1539":0,"1540":0,"1541":0,"1544":0,"1547":1,"1548":1,"1550":1,"1551":1,"1553":1,"1554":0,"1556":1,"1560":0,"1561":0,"1563":0,"1564":0,"1567":0,"1568":0,"1571":0,"1572":0,"1575":1,"1576":1,"1577":1}}}